

==================== Collecting Sample 1/100 ====================
--- Running CryptoHLS Tool ---
ERROR: CryptoHLS tool failed to run.
STDOUT: [INFO] Step 1: Building Design Space from source...

STDERR: error: no such file or directory: '-isystem'; did you mean '-isystem'?
error: no such file or directory: '-isystem'; did you mean '-isystem'?
error: no such file or directory: '-isystem'; did you mean '-isystem'?
error: no such file or directory: '-isystem'; did you mean '-isystem'?
warning: /usr/include/c++/11: 'linker' input unused [-Wunused-command-line-argument]
warning: /usr/include/x86_64-linux-gnu/c++/11: 'linker' input unused [-Wunused-command-line-argument]
warning: /usr/include: 'linker' input unused [-Wunused-command-line-argument]
warning: /usr/lib/llvm-16/lib/clang/16/include: 'linker' input unused [-Wunused-command-line-argument]
In file included from /home/liming/Desktop/CryptoHLS/build/../test/aes_raw.cpp:5:
In file included from /usr/bin/../lib/gcc/x86_64-linux-gnu/11/../../../../include/c++/11/cstring:42:
/usr/include/string.h:33:10: fatal error: 'stddef.h' file not found
#include <stddef.h>
         ^~~~~~~~~~
1 error generated.
Error while processing /home/liming/Desktop/CryptoHLS/build/../test/aes_raw.cpp.
 Failed to run DesignSpaceAction.



==================== Collecting Sample 2/100 ====================
--- Running CryptoHLS Tool ---
ERROR: CryptoHLS tool failed to run.
STDOUT: [INFO] Step 1: Building Design Space from source...

STDERR: error: no such file or directory: '-isystem'; did you mean '-isystem'?
error: no such file or directory: '-isystem'; did you mean '-isystem'?
error: no such file or directory: '-isystem'; did you mean '-isystem'?
error: no such file or directory: '-isystem'; did you mean '-isystem'?
warning: /usr/include/c++/11: 'linker' input unused [-Wunused-command-line-argument]
warning: /usr/include/x86_64-linux-gnu/c++/11: 'linker' input unused [-Wunused-command-line-argument]
warning: /usr/include: 'linker' input unused [-Wunused-command-line-argument]
warning: /usr/lib/llvm-16/lib/clang/16/include: 'linker' input unused [-Wunused-command-line-argument]
In file included from /home/liming/Desktop/CryptoHLS/build/../test/aes_raw.cpp:5:
In file included from /usr/bin/../lib/gcc/x86_64-linux-gnu/11/../../../../include/c++/11/cstring:42:
/usr/include/string.h:33:10: fatal error: 'stddef.h' file not found
#include <stddef.h>
         ^~~~~~~~~~
1 error generated.
Error while processing /home/liming/Desktop/CryptoHLS/build/../test/aes_raw.cpp.
 Failed to run DesignSpaceAction.



==================== Collecting Sample 3/100 ====================
--- Running CryptoHLS Tool ---
ERROR: CryptoHLS tool failed to run.
STDOUT: [INFO] Step 1: Building Design Space from source...

STDERR: error: no such file or directory: '-isystem'; did you mean '-isystem'?
error: no such file or directory: '-isystem'; did you mean '-isystem'?
error: no such file or directory: '-isystem'; did you mean '-isystem'?
error: no such file or directory: '-isystem'; did you mean '-isystem'?
warning: /usr/include/c++/11: 'linker' input unused [-Wunused-command-line-argument]
warning: /usr/include/x86_64-linux-gnu/c++/11: 'linker' input unused [-Wunused-command-line-argument]
warning: /usr/include: 'linker' input unused [-Wunused-command-line-argument]
warning: /usr/lib/llvm-16/lib/clang/16/include: 'linker' input unused [-Wunused-command-line-argument]
In file included from /home/liming/Desktop/CryptoHLS/build/../test/aes_raw.cpp:5:
In file included from /usr/bin/../lib/gcc/x86_64-linux-gnu/11/../../../../include/c++/11/cstring:42:
/usr/include/string.h:33:10: fatal error: 'stddef.h' file not found
#include <stddef.h>
         ^~~~~~~~~~
1 error generated.
Error while processing /home/liming/Desktop/CryptoHLS/build/../test/aes_raw.cpp.
 Failed to run DesignSpaceAction.



==================== Collecting Sample 4/100 ====================
--- Running CryptoHLS Tool ---
ERROR: CryptoHLS tool failed to run.
STDOUT: [INFO] Step 1: Building Design Space from source...

STDERR: error: no such file or directory: '-isystem'; did you mean '-isystem'?
error: no such file or directory: '-isystem'; did you mean '-isystem'?
error: no such file or directory: '-isystem'; did you mean '-isystem'?
error: no such file or directory: '-isystem'; did you mean '-isystem'?
warning: /usr/include/c++/11: 'linker' input unused [-Wunused-command-line-argument]
warning: /usr/include/x86_64-linux-gnu/c++/11: 'linker' input unused [-Wunused-command-line-argument]
warning: /usr/include: 'linker' input unused [-Wunused-command-line-argument]
warning: /usr/lib/llvm-16/lib/clang/16/include: 'linker' input unused [-Wunused-command-line-argument]
In file included from /home/liming/Desktop/CryptoHLS/build/../test/aes_raw.cpp:5:
In file included from /usr/bin/../lib/gcc/x86_64-linux-gnu/11/../../../../include/c++/11/cstring:42:
/usr/include/string.h:33:10: fatal error: 'stddef.h' file not found
#include <stddef.h>
         ^~~~~~~~~~
1 error generated.
Error while processing /home/liming/Desktop/CryptoHLS/build/../test/aes_raw.cpp.
 Failed to run DesignSpaceAction.



==================== Collecting Sample 5/100 ====================
--- Running CryptoHLS Tool ---
ERROR: CryptoHLS tool failed to run.
STDOUT: [INFO] Step 1: Building Design Space from source...

STDERR: error: no such file or directory: '-isystem'; did you mean '-isystem'?
error: no such file or directory: '-isystem'; did you mean '-isystem'?
error: no such file or directory: '-isystem'; did you mean '-isystem'?
error: no such file or directory: '-isystem'; did you mean '-isystem'?
warning: /usr/include/c++/11: 'linker' input unused [-Wunused-command-line-argument]
warning: /usr/include/x86_64-linux-gnu/c++/11: 'linker' input unused [-Wunused-command-line-argument]
warning: /usr/include: 'linker' input unused [-Wunused-command-line-argument]
warning: /usr/lib/llvm-16/lib/clang/16/include: 'linker' input unused [-Wunused-command-line-argument]
In file included from /home/liming/Desktop/CryptoHLS/build/../test/aes_raw.cpp:5:
In file included from /usr/bin/../lib/gcc/x86_64-linux-gnu/11/../../../../include/c++/11/cstring:42:
/usr/include/string.h:33:10: fatal error: 'stddef.h' file not found
#include <stddef.h>
         ^~~~~~~~~~
1 error generated.
Error while processing /home/liming/Desktop/CryptoHLS/build/../test/aes_raw.cpp.
 Failed to run DesignSpaceAction.



==================== Collecting Sample 6/100 ====================
--- Running CryptoHLS Tool ---
ERROR: CryptoHLS tool failed to run.
STDOUT: [INFO] Step 1: Building Design Space from source...

STDERR: error: no such file or directory: '-isystem'; did you mean '-isystem'?
error: no such file or directory: '-isystem'; did you mean '-isystem'?
error: no such file or directory: '-isystem'; did you mean '-isystem'?
error: no such file or directory: '-isystem'; did you mean '-isystem'?
warning: /usr/include/c++/11: 'linker' input unused [-Wunused-command-line-argument]
warning: /usr/include/x86_64-linux-gnu/c++/11: 'linker' input unused [-Wunused-command-line-argument]
warning: /usr/include: 'linker' input unused [-Wunused-command-line-argument]
warning: /usr/lib/llvm-16/lib/clang/16/include: 'linker' input unused [-Wunused-command-line-argument]
In file included from /home/liming/Desktop/CryptoHLS/build/../test/aes_raw.cpp:5:
In file included from /usr/bin/../lib/gcc/x86_64-linux-gnu/11/../../../../include/c++/11/cstring:42:
/usr/include/string.h:33:10: fatal error: 'stddef.h' file not found
#include <stddef.h>
         ^~~~~~~~~~
1 error generated.
Error while processing /home/liming/Desktop/CryptoHLS/build/../test/aes_raw.cpp.
 Failed to run DesignSpaceAction.



==================== Collecting Sample 7/100 ====================
--- Running CryptoHLS Tool ---
ERROR: CryptoHLS tool failed to run.
STDOUT: [INFO] Step 1: Building Design Space from source...

STDERR: error: no such file or directory: '-isystem'; did you mean '-isystem'?
error: no such file or directory: '-isystem'; did you mean '-isystem'?
error: no such file or directory: '-isystem'; did you mean '-isystem'?
error: no such file or directory: '-isystem'; did you mean '-isystem'?
warning: /usr/include/c++/11: 'linker' input unused [-Wunused-command-line-argument]
warning: /usr/include/x86_64-linux-gnu/c++/11: 'linker' input unused [-Wunused-command-line-argument]
warning: /usr/include: 'linker' input unused [-Wunused-command-line-argument]
warning: /usr/lib/llvm-16/lib/clang/16/include: 'linker' input unused [-Wunused-command-line-argument]
In file included from /home/liming/Desktop/CryptoHLS/build/../test/aes_raw.cpp:5:
In file included from /usr/bin/../lib/gcc/x86_64-linux-gnu/11/../../../../include/c++/11/cstring:42:
/usr/include/string.h:33:10: fatal error: 'stddef.h' file not found
#include <stddef.h>
         ^~~~~~~~~~
1 error generated.
Error while processing /home/liming/Desktop/CryptoHLS/build/../test/aes_raw.cpp.
 Failed to run DesignSpaceAction.



==================== Collecting Sample 8/100 ====================
--- Running CryptoHLS Tool ---
ERROR: CryptoHLS tool failed to run.
STDOUT: [INFO] Step 1: Building Design Space from source...

STDERR: error: no such file or directory: '-isystem'; did you mean '-isystem'?
error: no such file or directory: '-isystem'; did you mean '-isystem'?
error: no such file or directory: '-isystem'; did you mean '-isystem'?
error: no such file or directory: '-isystem'; did you mean '-isystem'?
warning: /usr/include/c++/11: 'linker' input unused [-Wunused-command-line-argument]
warning: /usr/include/x86_64-linux-gnu/c++/11: 'linker' input unused [-Wunused-command-line-argument]
warning: /usr/include: 'linker' input unused [-Wunused-command-line-argument]
warning: /usr/lib/llvm-16/lib/clang/16/include: 'linker' input unused [-Wunused-command-line-argument]
In file included from /home/liming/Desktop/CryptoHLS/build/../test/aes_raw.cpp:5:
In file included from /usr/bin/../lib/gcc/x86_64-linux-gnu/11/../../../../include/c++/11/cstring:42:
/usr/include/string.h:33:10: fatal error: 'stddef.h' file not found
#include <stddef.h>
         ^~~~~~~~~~
1 error generated.
Error while processing /home/liming/Desktop/CryptoHLS/build/../test/aes_raw.cpp.
 Failed to run DesignSpaceAction.



==================== Collecting Sample 9/100 ====================
--- Running CryptoHLS Tool ---
ERROR: CryptoHLS tool failed to run.
STDOUT: [INFO] Step 1: Building Design Space from source...

STDERR: error: no such file or directory: '-isystem'; did you mean '-isystem'?
error: no such file or directory: '-isystem'; did you mean '-isystem'?
error: no such file or directory: '-isystem'; did you mean '-isystem'?
error: no such file or directory: '-isystem'; did you mean '-isystem'?
warning: /usr/include/c++/11: 'linker' input unused [-Wunused-command-line-argument]
warning: /usr/include/x86_64-linux-gnu/c++/11: 'linker' input unused [-Wunused-command-line-argument]
warning: /usr/include: 'linker' input unused [-Wunused-command-line-argument]
warning: /usr/lib/llvm-16/lib/clang/16/include: 'linker' input unused [-Wunused-command-line-argument]
In file included from /home/liming/Desktop/CryptoHLS/build/../test/aes_raw.cpp:5:
In file included from /usr/bin/../lib/gcc/x86_64-linux-gnu/11/../../../../include/c++/11/cstring:42:
/usr/include/string.h:33:10: fatal error: 'stddef.h' file not found
#include <stddef.h>
         ^~~~~~~~~~
1 error generated.
Error while processing /home/liming/Desktop/CryptoHLS/build/../test/aes_raw.cpp.
 Failed to run DesignSpaceAction.



==================== Collecting Sample 10/100 ====================
--- Running CryptoHLS Tool ---
ERROR: CryptoHLS tool failed to run.
STDOUT: [INFO] Step 1: Building Design Space from source...

STDERR: error: no such file or directory: '-isystem'; did you mean '-isystem'?
error: no such file or directory: '-isystem'; did you mean '-isystem'?
error: no such file or directory: '-isystem'; did you mean '-isystem'?
error: no such file or directory: '-isystem'; did you mean '-isystem'?
warning: /usr/include/c++/11: 'linker' input unused [-Wunused-command-line-argument]
warning: /usr/include/x86_64-linux-gnu/c++/11: 'linker' input unused [-Wunused-command-line-argument]
warning: /usr/include: 'linker' input unused [-Wunused-command-line-argument]
warning: /usr/lib/llvm-16/lib/clang/16/include: 'linker' input unused [-Wunused-command-line-argument]
In file included from /home/liming/Desktop/CryptoHLS/build/../test/aes_raw.cpp:5:
In file included from /usr/bin/../lib/gcc/x86_64-linux-gnu/11/../../../../include/c++/11/cstring:42:
/usr/include/string.h:33:10: fatal error: 'stddef.h' file not found
#include <stddef.h>
         ^~~~~~~~~~
1 error generated.
Error while processing /home/liming/Desktop/CryptoHLS/build/../test/aes_raw.cpp.
 Failed to run DesignSpaceAction.



==================== Collecting Sample 11/100 ====================
--- Running CryptoHLS Tool ---
ERROR: CryptoHLS tool failed to run.
STDOUT: [INFO] Step 1: Building Design Space from source...

STDERR: error: no such file or directory: '-isystem'; did you mean '-isystem'?
error: no such file or directory: '-isystem'; did you mean '-isystem'?
error: no such file or directory: '-isystem'; did you mean '-isystem'?
error: no such file or directory: '-isystem'; did you mean '-isystem'?
warning: /usr/include/c++/11: 'linker' input unused [-Wunused-command-line-argument]
warning: /usr/include/x86_64-linux-gnu/c++/11: 'linker' input unused [-Wunused-command-line-argument]
warning: /usr/include: 'linker' input unused [-Wunused-command-line-argument]
warning: /usr/lib/llvm-16/lib/clang/16/include: 'linker' input unused [-Wunused-command-line-argument]
In file included from /home/liming/Desktop/CryptoHLS/build/../test/aes_raw.cpp:5:
In file included from /usr/bin/../lib/gcc/x86_64-linux-gnu/11/../../../../include/c++/11/cstring:42:
/usr/include/string.h:33:10: fatal error: 'stddef.h' file not found
#include <stddef.h>
         ^~~~~~~~~~
1 error generated.
Error while processing /home/liming/Desktop/CryptoHLS/build/../test/aes_raw.cpp.
 Failed to run DesignSpaceAction.



==================== Collecting Sample 12/100 ====================
--- Running CryptoHLS Tool ---
ERROR: CryptoHLS tool failed to run.
STDOUT: [INFO] Step 1: Building Design Space from source...

STDERR: error: no such file or directory: '-isystem'; did you mean '-isystem'?
error: no such file or directory: '-isystem'; did you mean '-isystem'?
error: no such file or directory: '-isystem'; did you mean '-isystem'?
error: no such file or directory: '-isystem'; did you mean '-isystem'?
warning: /usr/include/c++/11: 'linker' input unused [-Wunused-command-line-argument]
warning: /usr/include/x86_64-linux-gnu/c++/11: 'linker' input unused [-Wunused-command-line-argument]
warning: /usr/include: 'linker' input unused [-Wunused-command-line-argument]
warning: /usr/lib/llvm-16/lib/clang/16/include: 'linker' input unused [-Wunused-command-line-argument]
In file included from /home/liming/Desktop/CryptoHLS/build/../test/aes_raw.cpp:5:
In file included from /usr/bin/../lib/gcc/x86_64-linux-gnu/11/../../../../include/c++/11/cstring:42:
/usr/include/string.h:33:10: fatal error: 'stddef.h' file not found
#include <stddef.h>
         ^~~~~~~~~~
1 error generated.
Error while processing /home/liming/Desktop/CryptoHLS/build/../test/aes_raw.cpp.
 Failed to run DesignSpaceAction.



==================== Collecting Sample 13/100 ====================
--- Running CryptoHLS Tool ---
ERROR: CryptoHLS tool failed to run.
STDOUT: [INFO] Step 1: Building Design Space from source...

STDERR: error: no such file or directory: '-isystem'; did you mean '-isystem'?
error: no such file or directory: '-isystem'; did you mean '-isystem'?
error: no such file or directory: '-isystem'; did you mean '-isystem'?
error: no such file or directory: '-isystem'; did you mean '-isystem'?
warning: /usr/include/c++/11: 'linker' input unused [-Wunused-command-line-argument]
warning: /usr/include/x86_64-linux-gnu/c++/11: 'linker' input unused [-Wunused-command-line-argument]
warning: /usr/include: 'linker' input unused [-Wunused-command-line-argument]
warning: /usr/lib/llvm-16/lib/clang/16/include: 'linker' input unused [-Wunused-command-line-argument]
In file included from /home/liming/Desktop/CryptoHLS/build/../test/aes_raw.cpp:5:
In file included from /usr/bin/../lib/gcc/x86_64-linux-gnu/11/../../../../include/c++/11/cstring:42:
/usr/include/string.h:33:10: fatal error: 'stddef.h' file not found
#include <stddef.h>
         ^~~~~~~~~~
1 error generated.
Error while processing /home/liming/Desktop/CryptoHLS/build/../test/aes_raw.cpp.
 Failed to run DesignSpaceAction.



==================== Collecting Sample 14/100 ====================
--- Running CryptoHLS Tool ---
ERROR: CryptoHLS tool failed to run.
STDOUT: [INFO] Step 1: Building Design Space from source...

STDERR: error: no such file or directory: '-isystem'; did you mean '-isystem'?
error: no such file or directory: '-isystem'; did you mean '-isystem'?
error: no such file or directory: '-isystem'; did you mean '-isystem'?
error: no such file or directory: '-isystem'; did you mean '-isystem'?
warning: /usr/include/c++/11: 'linker' input unused [-Wunused-command-line-argument]
warning: /usr/include/x86_64-linux-gnu/c++/11: 'linker' input unused [-Wunused-command-line-argument]
warning: /usr/include: 'linker' input unused [-Wunused-command-line-argument]
warning: /usr/lib/llvm-16/lib/clang/16/include: 'linker' input unused [-Wunused-command-line-argument]
In file included from /home/liming/Desktop/CryptoHLS/build/../test/aes_raw.cpp:5:
In file included from /usr/bin/../lib/gcc/x86_64-linux-gnu/11/../../../../include/c++/11/cstring:42:
/usr/include/string.h:33:10: fatal error: 'stddef.h' file not found
#include <stddef.h>
         ^~~~~~~~~~
1 error generated.
Error while processing /home/liming/Desktop/CryptoHLS/build/../test/aes_raw.cpp.
 Failed to run DesignSpaceAction.



==================== Collecting Sample 15/100 ====================
--- Running CryptoHLS Tool ---
ERROR: CryptoHLS tool failed to run.
STDOUT: [INFO] Step 1: Building Design Space from source...

STDERR: error: no such file or directory: '-isystem'; did you mean '-isystem'?
error: no such file or directory: '-isystem'; did you mean '-isystem'?
error: no such file or directory: '-isystem'; did you mean '-isystem'?
error: no such file or directory: '-isystem'; did you mean '-isystem'?
warning: /usr/include/c++/11: 'linker' input unused [-Wunused-command-line-argument]
warning: /usr/include/x86_64-linux-gnu/c++/11: 'linker' input unused [-Wunused-command-line-argument]
warning: /usr/include: 'linker' input unused [-Wunused-command-line-argument]
warning: /usr/lib/llvm-16/lib/clang/16/include: 'linker' input unused [-Wunused-command-line-argument]
In file included from /home/liming/Desktop/CryptoHLS/build/../test/aes_raw.cpp:5:
In file included from /usr/bin/../lib/gcc/x86_64-linux-gnu/11/../../../../include/c++/11/cstring:42:
/usr/include/string.h:33:10: fatal error: 'stddef.h' file not found
#include <stddef.h>
         ^~~~~~~~~~
1 error generated.
Error while processing /home/liming/Desktop/CryptoHLS/build/../test/aes_raw.cpp.
 Failed to run DesignSpaceAction.



==================== Collecting Sample 16/100 ====================
--- Running CryptoHLS Tool ---
ERROR: CryptoHLS tool failed to run.
STDOUT: [INFO] Step 1: Building Design Space from source...

STDERR: error: no such file or directory: '-isystem'; did you mean '-isystem'?
error: no such file or directory: '-isystem'; did you mean '-isystem'?
error: no such file or directory: '-isystem'; did you mean '-isystem'?
error: no such file or directory: '-isystem'; did you mean '-isystem'?
warning: /usr/include/c++/11: 'linker' input unused [-Wunused-command-line-argument]
warning: /usr/include/x86_64-linux-gnu/c++/11: 'linker' input unused [-Wunused-command-line-argument]
warning: /usr/include: 'linker' input unused [-Wunused-command-line-argument]
warning: /usr/lib/llvm-16/lib/clang/16/include: 'linker' input unused [-Wunused-command-line-argument]
In file included from /home/liming/Desktop/CryptoHLS/build/../test/aes_raw.cpp:5:
In file included from /usr/bin/../lib/gcc/x86_64-linux-gnu/11/../../../../include/c++/11/cstring:42:
/usr/include/string.h:33:10: fatal error: 'stddef.h' file not found
#include <stddef.h>
         ^~~~~~~~~~
1 error generated.
Error while processing /home/liming/Desktop/CryptoHLS/build/../test/aes_raw.cpp.
 Failed to run DesignSpaceAction.



==================== Collecting Sample 17/100 ====================
--- Running CryptoHLS Tool ---
ERROR: CryptoHLS tool failed to run.
STDOUT: [INFO] Step 1: Building Design Space from source...

STDERR: error: no such file or directory: '-isystem'; did you mean '-isystem'?
error: no such file or directory: '-isystem'; did you mean '-isystem'?
error: no such file or directory: '-isystem'; did you mean '-isystem'?
error: no such file or directory: '-isystem'; did you mean '-isystem'?
warning: /usr/include/c++/11: 'linker' input unused [-Wunused-command-line-argument]
warning: /usr/include/x86_64-linux-gnu/c++/11: 'linker' input unused [-Wunused-command-line-argument]
warning: /usr/include: 'linker' input unused [-Wunused-command-line-argument]
warning: /usr/lib/llvm-16/lib/clang/16/include: 'linker' input unused [-Wunused-command-line-argument]
In file included from /home/liming/Desktop/CryptoHLS/build/../test/aes_raw.cpp:5:
In file included from /usr/bin/../lib/gcc/x86_64-linux-gnu/11/../../../../include/c++/11/cstring:42:
/usr/include/string.h:33:10: fatal error: 'stddef.h' file not found
#include <stddef.h>
         ^~~~~~~~~~
1 error generated.
Error while processing /home/liming/Desktop/CryptoHLS/build/../test/aes_raw.cpp.
 Failed to run DesignSpaceAction.



==================== Collecting Sample 18/100 ====================
--- Running CryptoHLS Tool ---
ERROR: CryptoHLS tool failed to run.
STDOUT: [INFO] Step 1: Building Design Space from source...

STDERR: error: no such file or directory: '-isystem'; did you mean '-isystem'?
error: no such file or directory: '-isystem'; did you mean '-isystem'?
error: no such file or directory: '-isystem'; did you mean '-isystem'?
error: no such file or directory: '-isystem'; did you mean '-isystem'?
warning: /usr/include/c++/11: 'linker' input unused [-Wunused-command-line-argument]
warning: /usr/include/x86_64-linux-gnu/c++/11: 'linker' input unused [-Wunused-command-line-argument]
warning: /usr/include: 'linker' input unused [-Wunused-command-line-argument]
warning: /usr/lib/llvm-16/lib/clang/16/include: 'linker' input unused [-Wunused-command-line-argument]
In file included from /home/liming/Desktop/CryptoHLS/build/../test/aes_raw.cpp:5:
In file included from /usr/bin/../lib/gcc/x86_64-linux-gnu/11/../../../../include/c++/11/cstring:42:
/usr/include/string.h:33:10: fatal error: 'stddef.h' file not found
#include <stddef.h>
         ^~~~~~~~~~
1 error generated.
Error while processing /home/liming/Desktop/CryptoHLS/build/../test/aes_raw.cpp.
 Failed to run DesignSpaceAction.



==================== Collecting Sample 19/100 ====================
--- Running CryptoHLS Tool ---
ERROR: CryptoHLS tool failed to run.
STDOUT: [INFO] Step 1: Building Design Space from source...

STDERR: error: no such file or directory: '-isystem'; did you mean '-isystem'?
error: no such file or directory: '-isystem'; did you mean '-isystem'?
error: no such file or directory: '-isystem'; did you mean '-isystem'?
error: no such file or directory: '-isystem'; did you mean '-isystem'?
warning: /usr/include/c++/11: 'linker' input unused [-Wunused-command-line-argument]
warning: /usr/include/x86_64-linux-gnu/c++/11: 'linker' input unused [-Wunused-command-line-argument]
warning: /usr/include: 'linker' input unused [-Wunused-command-line-argument]
warning: /usr/lib/llvm-16/lib/clang/16/include: 'linker' input unused [-Wunused-command-line-argument]
In file included from /home/liming/Desktop/CryptoHLS/build/../test/aes_raw.cpp:5:
In file included from /usr/bin/../lib/gcc/x86_64-linux-gnu/11/../../../../include/c++/11/cstring:42:
/usr/include/string.h:33:10: fatal error: 'stddef.h' file not found
#include <stddef.h>
         ^~~~~~~~~~
1 error generated.
Error while processing /home/liming/Desktop/CryptoHLS/build/../test/aes_raw.cpp.
 Failed to run DesignSpaceAction.



==================== Collecting Sample 20/100 ====================
--- Running CryptoHLS Tool ---
ERROR: CryptoHLS tool failed to run.
STDOUT: [INFO] Step 1: Building Design Space from source...

STDERR: error: no such file or directory: '-isystem'; did you mean '-isystem'?
error: no such file or directory: '-isystem'; did you mean '-isystem'?
error: no such file or directory: '-isystem'; did you mean '-isystem'?
error: no such file or directory: '-isystem'; did you mean '-isystem'?
warning: /usr/include/c++/11: 'linker' input unused [-Wunused-command-line-argument]
warning: /usr/include/x86_64-linux-gnu/c++/11: 'linker' input unused [-Wunused-command-line-argument]
warning: /usr/include: 'linker' input unused [-Wunused-command-line-argument]
warning: /usr/lib/llvm-16/lib/clang/16/include: 'linker' input unused [-Wunused-command-line-argument]
In file included from /home/liming/Desktop/CryptoHLS/build/../test/aes_raw.cpp:5:
In file included from /usr/bin/../lib/gcc/x86_64-linux-gnu/11/../../../../include/c++/11/cstring:42:
/usr/include/string.h:33:10: fatal error: 'stddef.h' file not found
#include <stddef.h>
         ^~~~~~~~~~
1 error generated.
Error while processing /home/liming/Desktop/CryptoHLS/build/../test/aes_raw.cpp.
 Failed to run DesignSpaceAction.



==================== Collecting Sample 21/100 ====================
--- Running CryptoHLS Tool ---
ERROR: CryptoHLS tool failed to run.
STDOUT: [INFO] Step 1: Building Design Space from source...

STDERR: error: no such file or directory: '-isystem'; did you mean '-isystem'?
error: no such file or directory: '-isystem'; did you mean '-isystem'?
error: no such file or directory: '-isystem'; did you mean '-isystem'?
error: no such file or directory: '-isystem'; did you mean '-isystem'?
warning: /usr/include/c++/11: 'linker' input unused [-Wunused-command-line-argument]
warning: /usr/include/x86_64-linux-gnu/c++/11: 'linker' input unused [-Wunused-command-line-argument]
warning: /usr/include: 'linker' input unused [-Wunused-command-line-argument]
warning: /usr/lib/llvm-16/lib/clang/16/include: 'linker' input unused [-Wunused-command-line-argument]
In file included from /home/liming/Desktop/CryptoHLS/build/../test/aes_raw.cpp:5:
In file included from /usr/bin/../lib/gcc/x86_64-linux-gnu/11/../../../../include/c++/11/cstring:42:
/usr/include/string.h:33:10: fatal error: 'stddef.h' file not found
#include <stddef.h>
         ^~~~~~~~~~
1 error generated.
Error while processing /home/liming/Desktop/CryptoHLS/build/../test/aes_raw.cpp.
 Failed to run DesignSpaceAction.



==================== Collecting Sample 22/100 ====================
--- Running CryptoHLS Tool ---
ERROR: CryptoHLS tool failed to run.
STDOUT: [INFO] Step 1: Building Design Space from source...

STDERR: error: no such file or directory: '-isystem'; did you mean '-isystem'?
error: no such file or directory: '-isystem'; did you mean '-isystem'?
error: no such file or directory: '-isystem'; did you mean '-isystem'?
error: no such file or directory: '-isystem'; did you mean '-isystem'?
warning: /usr/include/c++/11: 'linker' input unused [-Wunused-command-line-argument]
warning: /usr/include/x86_64-linux-gnu/c++/11: 'linker' input unused [-Wunused-command-line-argument]
warning: /usr/include: 'linker' input unused [-Wunused-command-line-argument]
warning: /usr/lib/llvm-16/lib/clang/16/include: 'linker' input unused [-Wunused-command-line-argument]
In file included from /home/liming/Desktop/CryptoHLS/build/../test/aes_raw.cpp:5:
In file included from /usr/bin/../lib/gcc/x86_64-linux-gnu/11/../../../../include/c++/11/cstring:42:
/usr/include/string.h:33:10: fatal error: 'stddef.h' file not found
#include <stddef.h>
         ^~~~~~~~~~
1 error generated.
Error while processing /home/liming/Desktop/CryptoHLS/build/../test/aes_raw.cpp.
 Failed to run DesignSpaceAction.



==================== Collecting Sample 23/100 ====================
--- Running CryptoHLS Tool ---
ERROR: CryptoHLS tool failed to run.
STDOUT: [INFO] Step 1: Building Design Space from source...

STDERR: error: no such file or directory: '-isystem'; did you mean '-isystem'?
error: no such file or directory: '-isystem'; did you mean '-isystem'?
error: no such file or directory: '-isystem'; did you mean '-isystem'?
error: no such file or directory: '-isystem'; did you mean '-isystem'?
warning: /usr/include/c++/11: 'linker' input unused [-Wunused-command-line-argument]
warning: /usr/include/x86_64-linux-gnu/c++/11: 'linker' input unused [-Wunused-command-line-argument]
warning: /usr/include: 'linker' input unused [-Wunused-command-line-argument]
warning: /usr/lib/llvm-16/lib/clang/16/include: 'linker' input unused [-Wunused-command-line-argument]
In file included from /home/liming/Desktop/CryptoHLS/build/../test/aes_raw.cpp:5:
In file included from /usr/bin/../lib/gcc/x86_64-linux-gnu/11/../../../../include/c++/11/cstring:42:
/usr/include/string.h:33:10: fatal error: 'stddef.h' file not found
#include <stddef.h>
         ^~~~~~~~~~
1 error generated.
Error while processing /home/liming/Desktop/CryptoHLS/build/../test/aes_raw.cpp.
 Failed to run DesignSpaceAction.



==================== Collecting Sample 24/100 ====================
--- Running CryptoHLS Tool ---
ERROR: CryptoHLS tool failed to run.
STDOUT: [INFO] Step 1: Building Design Space from source...

STDERR: error: no such file or directory: '-isystem'; did you mean '-isystem'?
error: no such file or directory: '-isystem'; did you mean '-isystem'?
error: no such file or directory: '-isystem'; did you mean '-isystem'?
error: no such file or directory: '-isystem'; did you mean '-isystem'?
warning: /usr/include/c++/11: 'linker' input unused [-Wunused-command-line-argument]
warning: /usr/include/x86_64-linux-gnu/c++/11: 'linker' input unused [-Wunused-command-line-argument]
warning: /usr/include: 'linker' input unused [-Wunused-command-line-argument]
warning: /usr/lib/llvm-16/lib/clang/16/include: 'linker' input unused [-Wunused-command-line-argument]
In file included from /home/liming/Desktop/CryptoHLS/build/../test/aes_raw.cpp:5:
In file included from /usr/bin/../lib/gcc/x86_64-linux-gnu/11/../../../../include/c++/11/cstring:42:
/usr/include/string.h:33:10: fatal error: 'stddef.h' file not found
#include <stddef.h>
         ^~~~~~~~~~
1 error generated.
Error while processing /home/liming/Desktop/CryptoHLS/build/../test/aes_raw.cpp.
 Failed to run DesignSpaceAction.



==================== Collecting Sample 25/100 ====================
--- Running CryptoHLS Tool ---
ERROR: CryptoHLS tool failed to run.
STDOUT: [INFO] Step 1: Building Design Space from source...

STDERR: error: no such file or directory: '-isystem'; did you mean '-isystem'?
error: no such file or directory: '-isystem'; did you mean '-isystem'?
error: no such file or directory: '-isystem'; did you mean '-isystem'?
error: no such file or directory: '-isystem'; did you mean '-isystem'?
warning: /usr/include/c++/11: 'linker' input unused [-Wunused-command-line-argument]
warning: /usr/include/x86_64-linux-gnu/c++/11: 'linker' input unused [-Wunused-command-line-argument]
warning: /usr/include: 'linker' input unused [-Wunused-command-line-argument]
warning: /usr/lib/llvm-16/lib/clang/16/include: 'linker' input unused [-Wunused-command-line-argument]
In file included from /home/liming/Desktop/CryptoHLS/build/../test/aes_raw.cpp:5:
In file included from /usr/bin/../lib/gcc/x86_64-linux-gnu/11/../../../../include/c++/11/cstring:42:
/usr/include/string.h:33:10: fatal error: 'stddef.h' file not found
#include <stddef.h>
         ^~~~~~~~~~
1 error generated.
Error while processing /home/liming/Desktop/CryptoHLS/build/../test/aes_raw.cpp.
 Failed to run DesignSpaceAction.



==================== Collecting Sample 26/100 ====================
--- Running CryptoHLS Tool ---
ERROR: CryptoHLS tool failed to run.
STDOUT: [INFO] Step 1: Building Design Space from source...

STDERR: error: no such file or directory: '-isystem'; did you mean '-isystem'?
error: no such file or directory: '-isystem'; did you mean '-isystem'?
error: no such file or directory: '-isystem'; did you mean '-isystem'?
error: no such file or directory: '-isystem'; did you mean '-isystem'?
warning: /usr/include/c++/11: 'linker' input unused [-Wunused-command-line-argument]
warning: /usr/include/x86_64-linux-gnu/c++/11: 'linker' input unused [-Wunused-command-line-argument]
warning: /usr/include: 'linker' input unused [-Wunused-command-line-argument]
warning: /usr/lib/llvm-16/lib/clang/16/include: 'linker' input unused [-Wunused-command-line-argument]
In file included from /home/liming/Desktop/CryptoHLS/build/../test/aes_raw.cpp:5:
In file included from /usr/bin/../lib/gcc/x86_64-linux-gnu/11/../../../../include/c++/11/cstring:42:
/usr/include/string.h:33:10: fatal error: 'stddef.h' file not found
#include <stddef.h>
         ^~~~~~~~~~
1 error generated.
Error while processing /home/liming/Desktop/CryptoHLS/build/../test/aes_raw.cpp.
 Failed to run DesignSpaceAction.



==================== Collecting Sample 27/100 ====================
--- Running CryptoHLS Tool ---
ERROR: CryptoHLS tool failed to run.
STDOUT: [INFO] Step 1: Building Design Space from source...

STDERR: error: no such file or directory: '-isystem'; did you mean '-isystem'?
error: no such file or directory: '-isystem'; did you mean '-isystem'?
error: no such file or directory: '-isystem'; did you mean '-isystem'?
error: no such file or directory: '-isystem'; did you mean '-isystem'?
warning: /usr/include/c++/11: 'linker' input unused [-Wunused-command-line-argument]
warning: /usr/include/x86_64-linux-gnu/c++/11: 'linker' input unused [-Wunused-command-line-argument]
warning: /usr/include: 'linker' input unused [-Wunused-command-line-argument]
warning: /usr/lib/llvm-16/lib/clang/16/include: 'linker' input unused [-Wunused-command-line-argument]
In file included from /home/liming/Desktop/CryptoHLS/build/../test/aes_raw.cpp:5:
In file included from /usr/bin/../lib/gcc/x86_64-linux-gnu/11/../../../../include/c++/11/cstring:42:
/usr/include/string.h:33:10: fatal error: 'stddef.h' file not found
#include <stddef.h>
         ^~~~~~~~~~
1 error generated.
Error while processing /home/liming/Desktop/CryptoHLS/build/../test/aes_raw.cpp.
 Failed to run DesignSpaceAction.



==================== Collecting Sample 28/100 ====================
--- Running CryptoHLS Tool ---
ERROR: CryptoHLS tool failed to run.
STDOUT: [INFO] Step 1: Building Design Space from source...

STDERR: error: no such file or directory: '-isystem'; did you mean '-isystem'?
error: no such file or directory: '-isystem'; did you mean '-isystem'?
error: no such file or directory: '-isystem'; did you mean '-isystem'?
error: no such file or directory: '-isystem'; did you mean '-isystem'?
warning: /usr/include/c++/11: 'linker' input unused [-Wunused-command-line-argument]
warning: /usr/include/x86_64-linux-gnu/c++/11: 'linker' input unused [-Wunused-command-line-argument]
warning: /usr/include: 'linker' input unused [-Wunused-command-line-argument]
warning: /usr/lib/llvm-16/lib/clang/16/include: 'linker' input unused [-Wunused-command-line-argument]
In file included from /home/liming/Desktop/CryptoHLS/build/../test/aes_raw.cpp:5:
In file included from /usr/bin/../lib/gcc/x86_64-linux-gnu/11/../../../../include/c++/11/cstring:42:
/usr/include/string.h:33:10: fatal error: 'stddef.h' file not found
#include <stddef.h>
         ^~~~~~~~~~
1 error generated.
Error while processing /home/liming/Desktop/CryptoHLS/build/../test/aes_raw.cpp.
 Failed to run DesignSpaceAction.



==================== Collecting Sample 29/100 ====================
--- Running CryptoHLS Tool ---
ERROR: CryptoHLS tool failed to run.
STDOUT: [INFO] Step 1: Building Design Space from source...

STDERR: error: no such file or directory: '-isystem'; did you mean '-isystem'?
error: no such file or directory: '-isystem'; did you mean '-isystem'?
error: no such file or directory: '-isystem'; did you mean '-isystem'?
error: no such file or directory: '-isystem'; did you mean '-isystem'?
warning: /usr/include/c++/11: 'linker' input unused [-Wunused-command-line-argument]
warning: /usr/include/x86_64-linux-gnu/c++/11: 'linker' input unused [-Wunused-command-line-argument]
warning: /usr/include: 'linker' input unused [-Wunused-command-line-argument]
warning: /usr/lib/llvm-16/lib/clang/16/include: 'linker' input unused [-Wunused-command-line-argument]
In file included from /home/liming/Desktop/CryptoHLS/build/../test/aes_raw.cpp:5:
In file included from /usr/bin/../lib/gcc/x86_64-linux-gnu/11/../../../../include/c++/11/cstring:42:
/usr/include/string.h:33:10: fatal error: 'stddef.h' file not found
#include <stddef.h>
         ^~~~~~~~~~
1 error generated.
Error while processing /home/liming/Desktop/CryptoHLS/build/../test/aes_raw.cpp.
 Failed to run DesignSpaceAction.



==================== Collecting Sample 30/100 ====================
--- Running CryptoHLS Tool ---
ERROR: CryptoHLS tool failed to run.
STDOUT: [INFO] Step 1: Building Design Space from source...

STDERR: error: no such file or directory: '-isystem'; did you mean '-isystem'?
error: no such file or directory: '-isystem'; did you mean '-isystem'?
error: no such file or directory: '-isystem'; did you mean '-isystem'?
error: no such file or directory: '-isystem'; did you mean '-isystem'?
warning: /usr/include/c++/11: 'linker' input unused [-Wunused-command-line-argument]
warning: /usr/include/x86_64-linux-gnu/c++/11: 'linker' input unused [-Wunused-command-line-argument]
warning: /usr/include: 'linker' input unused [-Wunused-command-line-argument]
warning: /usr/lib/llvm-16/lib/clang/16/include: 'linker' input unused [-Wunused-command-line-argument]
In file included from /home/liming/Desktop/CryptoHLS/build/../test/aes_raw.cpp:5:
In file included from /usr/bin/../lib/gcc/x86_64-linux-gnu/11/../../../../include/c++/11/cstring:42:
/usr/include/string.h:33:10: fatal error: 'stddef.h' file not found
#include <stddef.h>
         ^~~~~~~~~~
1 error generated.
Error while processing /home/liming/Desktop/CryptoHLS/build/../test/aes_raw.cpp.
 Failed to run DesignSpaceAction.



==================== Collecting Sample 31/100 ====================
--- Running CryptoHLS Tool ---
ERROR: CryptoHLS tool failed to run.
STDOUT: [INFO] Step 1: Building Design Space from source...

STDERR: error: no such file or directory: '-isystem'; did you mean '-isystem'?
error: no such file or directory: '-isystem'; did you mean '-isystem'?
error: no such file or directory: '-isystem'; did you mean '-isystem'?
error: no such file or directory: '-isystem'; did you mean '-isystem'?
warning: /usr/include/c++/11: 'linker' input unused [-Wunused-command-line-argument]
warning: /usr/include/x86_64-linux-gnu/c++/11: 'linker' input unused [-Wunused-command-line-argument]
warning: /usr/include: 'linker' input unused [-Wunused-command-line-argument]
warning: /usr/lib/llvm-16/lib/clang/16/include: 'linker' input unused [-Wunused-command-line-argument]
In file included from /home/liming/Desktop/CryptoHLS/build/../test/aes_raw.cpp:5:
In file included from /usr/bin/../lib/gcc/x86_64-linux-gnu/11/../../../../include/c++/11/cstring:42:
/usr/include/string.h:33:10: fatal error: 'stddef.h' file not found
#include <stddef.h>
         ^~~~~~~~~~
1 error generated.
Error while processing /home/liming/Desktop/CryptoHLS/build/../test/aes_raw.cpp.
 Failed to run DesignSpaceAction.



==================== Collecting Sample 32/100 ====================
--- Running CryptoHLS Tool ---
ERROR: CryptoHLS tool failed to run.
STDOUT: [INFO] Step 1: Building Design Space from source...

STDERR: error: no such file or directory: '-isystem'; did you mean '-isystem'?
error: no such file or directory: '-isystem'; did you mean '-isystem'?
error: no such file or directory: '-isystem'; did you mean '-isystem'?
error: no such file or directory: '-isystem'; did you mean '-isystem'?
warning: /usr/include/c++/11: 'linker' input unused [-Wunused-command-line-argument]
warning: /usr/include/x86_64-linux-gnu/c++/11: 'linker' input unused [-Wunused-command-line-argument]
warning: /usr/include: 'linker' input unused [-Wunused-command-line-argument]
warning: /usr/lib/llvm-16/lib/clang/16/include: 'linker' input unused [-Wunused-command-line-argument]
In file included from /home/liming/Desktop/CryptoHLS/build/../test/aes_raw.cpp:5:
In file included from /usr/bin/../lib/gcc/x86_64-linux-gnu/11/../../../../include/c++/11/cstring:42:
/usr/include/string.h:33:10: fatal error: 'stddef.h' file not found
#include <stddef.h>
         ^~~~~~~~~~
1 error generated.
Error while processing /home/liming/Desktop/CryptoHLS/build/../test/aes_raw.cpp.
 Failed to run DesignSpaceAction.



==================== Collecting Sample 33/100 ====================
--- Running CryptoHLS Tool ---
ERROR: CryptoHLS tool failed to run.
STDOUT: [INFO] Step 1: Building Design Space from source...

STDERR: error: no such file or directory: '-isystem'; did you mean '-isystem'?
error: no such file or directory: '-isystem'; did you mean '-isystem'?
error: no such file or directory: '-isystem'; did you mean '-isystem'?
error: no such file or directory: '-isystem'; did you mean '-isystem'?
warning: /usr/include/c++/11: 'linker' input unused [-Wunused-command-line-argument]
warning: /usr/include/x86_64-linux-gnu/c++/11: 'linker' input unused [-Wunused-command-line-argument]
warning: /usr/include: 'linker' input unused [-Wunused-command-line-argument]
warning: /usr/lib/llvm-16/lib/clang/16/include: 'linker' input unused [-Wunused-command-line-argument]
In file included from /home/liming/Desktop/CryptoHLS/build/../test/aes_raw.cpp:5:
In file included from /usr/bin/../lib/gcc/x86_64-linux-gnu/11/../../../../include/c++/11/cstring:42:
/usr/include/string.h:33:10: fatal error: 'stddef.h' file not found
#include <stddef.h>
         ^~~~~~~~~~
1 error generated.
Error while processing /home/liming/Desktop/CryptoHLS/build/../test/aes_raw.cpp.
 Failed to run DesignSpaceAction.



==================== Collecting Sample 34/100 ====================
--- Running CryptoHLS Tool ---
ERROR: CryptoHLS tool failed to run.
STDOUT: [INFO] Step 1: Building Design Space from source...

STDERR: error: no such file or directory: '-isystem'; did you mean '-isystem'?
error: no such file or directory: '-isystem'; did you mean '-isystem'?
error: no such file or directory: '-isystem'; did you mean '-isystem'?
error: no such file or directory: '-isystem'; did you mean '-isystem'?
warning: /usr/include/c++/11: 'linker' input unused [-Wunused-command-line-argument]
warning: /usr/include/x86_64-linux-gnu/c++/11: 'linker' input unused [-Wunused-command-line-argument]
warning: /usr/include: 'linker' input unused [-Wunused-command-line-argument]
warning: /usr/lib/llvm-16/lib/clang/16/include: 'linker' input unused [-Wunused-command-line-argument]
In file included from /home/liming/Desktop/CryptoHLS/build/../test/aes_raw.cpp:5:
In file included from /usr/bin/../lib/gcc/x86_64-linux-gnu/11/../../../../include/c++/11/cstring:42:
/usr/include/string.h:33:10: fatal error: 'stddef.h' file not found
#include <stddef.h>
         ^~~~~~~~~~
1 error generated.
Error while processing /home/liming/Desktop/CryptoHLS/build/../test/aes_raw.cpp.
 Failed to run DesignSpaceAction.



==================== Collecting Sample 35/100 ====================
--- Running CryptoHLS Tool ---
ERROR: CryptoHLS tool failed to run.
STDOUT: [INFO] Step 1: Building Design Space from source...

STDERR: error: no such file or directory: '-isystem'; did you mean '-isystem'?
error: no such file or directory: '-isystem'; did you mean '-isystem'?
error: no such file or directory: '-isystem'; did you mean '-isystem'?
error: no such file or directory: '-isystem'; did you mean '-isystem'?
warning: /usr/include/c++/11: 'linker' input unused [-Wunused-command-line-argument]
warning: /usr/include/x86_64-linux-gnu/c++/11: 'linker' input unused [-Wunused-command-line-argument]
warning: /usr/include: 'linker' input unused [-Wunused-command-line-argument]
warning: /usr/lib/llvm-16/lib/clang/16/include: 'linker' input unused [-Wunused-command-line-argument]
In file included from /home/liming/Desktop/CryptoHLS/build/../test/aes_raw.cpp:5:
In file included from /usr/bin/../lib/gcc/x86_64-linux-gnu/11/../../../../include/c++/11/cstring:42:
/usr/include/string.h:33:10: fatal error: 'stddef.h' file not found
#include <stddef.h>
         ^~~~~~~~~~
1 error generated.
Error while processing /home/liming/Desktop/CryptoHLS/build/../test/aes_raw.cpp.
 Failed to run DesignSpaceAction.



==================== Collecting Sample 36/100 ====================
--- Running CryptoHLS Tool ---
ERROR: CryptoHLS tool failed to run.
STDOUT: [INFO] Step 1: Building Design Space from source...

STDERR: error: no such file or directory: '-isystem'; did you mean '-isystem'?
error: no such file or directory: '-isystem'; did you mean '-isystem'?
error: no such file or directory: '-isystem'; did you mean '-isystem'?
error: no such file or directory: '-isystem'; did you mean '-isystem'?
warning: /usr/include/c++/11: 'linker' input unused [-Wunused-command-line-argument]
warning: /usr/include/x86_64-linux-gnu/c++/11: 'linker' input unused [-Wunused-command-line-argument]
warning: /usr/include: 'linker' input unused [-Wunused-command-line-argument]
warning: /usr/lib/llvm-16/lib/clang/16/include: 'linker' input unused [-Wunused-command-line-argument]
In file included from /home/liming/Desktop/CryptoHLS/build/../test/aes_raw.cpp:5:
In file included from /usr/bin/../lib/gcc/x86_64-linux-gnu/11/../../../../include/c++/11/cstring:42:
/usr/include/string.h:33:10: fatal error: 'stddef.h' file not found
#include <stddef.h>
         ^~~~~~~~~~
1 error generated.
Error while processing /home/liming/Desktop/CryptoHLS/build/../test/aes_raw.cpp.
 Failed to run DesignSpaceAction.



==================== Collecting Sample 37/100 ====================
--- Running CryptoHLS Tool ---
ERROR: CryptoHLS tool failed to run.
STDOUT: [INFO] Step 1: Building Design Space from source...

STDERR: error: no such file or directory: '-isystem'; did you mean '-isystem'?
error: no such file or directory: '-isystem'; did you mean '-isystem'?
error: no such file or directory: '-isystem'; did you mean '-isystem'?
error: no such file or directory: '-isystem'; did you mean '-isystem'?
warning: /usr/include/c++/11: 'linker' input unused [-Wunused-command-line-argument]
warning: /usr/include/x86_64-linux-gnu/c++/11: 'linker' input unused [-Wunused-command-line-argument]
warning: /usr/include: 'linker' input unused [-Wunused-command-line-argument]
warning: /usr/lib/llvm-16/lib/clang/16/include: 'linker' input unused [-Wunused-command-line-argument]
In file included from /home/liming/Desktop/CryptoHLS/build/../test/aes_raw.cpp:5:
In file included from /usr/bin/../lib/gcc/x86_64-linux-gnu/11/../../../../include/c++/11/cstring:42:
/usr/include/string.h:33:10: fatal error: 'stddef.h' file not found
#include <stddef.h>
         ^~~~~~~~~~
1 error generated.
Error while processing /home/liming/Desktop/CryptoHLS/build/../test/aes_raw.cpp.
 Failed to run DesignSpaceAction.



==================== Collecting Sample 38/100 ====================
--- Running CryptoHLS Tool ---
ERROR: CryptoHLS tool failed to run.
STDOUT: [INFO] Step 1: Building Design Space from source...

STDERR: error: no such file or directory: '-isystem'; did you mean '-isystem'?
error: no such file or directory: '-isystem'; did you mean '-isystem'?
error: no such file or directory: '-isystem'; did you mean '-isystem'?
error: no such file or directory: '-isystem'; did you mean '-isystem'?
warning: /usr/include/c++/11: 'linker' input unused [-Wunused-command-line-argument]
warning: /usr/include/x86_64-linux-gnu/c++/11: 'linker' input unused [-Wunused-command-line-argument]
warning: /usr/include: 'linker' input unused [-Wunused-command-line-argument]
warning: /usr/lib/llvm-16/lib/clang/16/include: 'linker' input unused [-Wunused-command-line-argument]
In file included from /home/liming/Desktop/CryptoHLS/build/../test/aes_raw.cpp:5:
In file included from /usr/bin/../lib/gcc/x86_64-linux-gnu/11/../../../../include/c++/11/cstring:42:
/usr/include/string.h:33:10: fatal error: 'stddef.h' file not found
#include <stddef.h>
         ^~~~~~~~~~
1 error generated.
Error while processing /home/liming/Desktop/CryptoHLS/build/../test/aes_raw.cpp.
 Failed to run DesignSpaceAction.



==================== Collecting Sample 39/100 ====================
--- Running CryptoHLS Tool ---
ERROR: CryptoHLS tool failed to run.
STDOUT: [INFO] Step 1: Building Design Space from source...

STDERR: error: no such file or directory: '-isystem'; did you mean '-isystem'?
error: no such file or directory: '-isystem'; did you mean '-isystem'?
error: no such file or directory: '-isystem'; did you mean '-isystem'?
error: no such file or directory: '-isystem'; did you mean '-isystem'?
warning: /usr/include/c++/11: 'linker' input unused [-Wunused-command-line-argument]
warning: /usr/include/x86_64-linux-gnu/c++/11: 'linker' input unused [-Wunused-command-line-argument]
warning: /usr/include: 'linker' input unused [-Wunused-command-line-argument]
warning: /usr/lib/llvm-16/lib/clang/16/include: 'linker' input unused [-Wunused-command-line-argument]
In file included from /home/liming/Desktop/CryptoHLS/build/../test/aes_raw.cpp:5:
In file included from /usr/bin/../lib/gcc/x86_64-linux-gnu/11/../../../../include/c++/11/cstring:42:
/usr/include/string.h:33:10: fatal error: 'stddef.h' file not found
#include <stddef.h>
         ^~~~~~~~~~
1 error generated.
Error while processing /home/liming/Desktop/CryptoHLS/build/../test/aes_raw.cpp.
 Failed to run DesignSpaceAction.



==================== Collecting Sample 40/100 ====================
--- Running CryptoHLS Tool ---
ERROR: CryptoHLS tool failed to run.
STDOUT: [INFO] Step 1: Building Design Space from source...

STDERR: error: no such file or directory: '-isystem'; did you mean '-isystem'?
error: no such file or directory: '-isystem'; did you mean '-isystem'?
error: no such file or directory: '-isystem'; did you mean '-isystem'?
error: no such file or directory: '-isystem'; did you mean '-isystem'?
warning: /usr/include/c++/11: 'linker' input unused [-Wunused-command-line-argument]
warning: /usr/include/x86_64-linux-gnu/c++/11: 'linker' input unused [-Wunused-command-line-argument]
warning: /usr/include: 'linker' input unused [-Wunused-command-line-argument]
warning: /usr/lib/llvm-16/lib/clang/16/include: 'linker' input unused [-Wunused-command-line-argument]
In file included from /home/liming/Desktop/CryptoHLS/build/../test/aes_raw.cpp:5:
In file included from /usr/bin/../lib/gcc/x86_64-linux-gnu/11/../../../../include/c++/11/cstring:42:
/usr/include/string.h:33:10: fatal error: 'stddef.h' file not found
#include <stddef.h>
         ^~~~~~~~~~
1 error generated.
Error while processing /home/liming/Desktop/CryptoHLS/build/../test/aes_raw.cpp.
 Failed to run DesignSpaceAction.



==================== Collecting Sample 41/100 ====================
--- Running CryptoHLS Tool ---
ERROR: CryptoHLS tool failed to run.
STDOUT: [INFO] Step 1: Building Design Space from source...

STDERR: error: no such file or directory: '-isystem'; did you mean '-isystem'?
error: no such file or directory: '-isystem'; did you mean '-isystem'?
error: no such file or directory: '-isystem'; did you mean '-isystem'?
error: no such file or directory: '-isystem'; did you mean '-isystem'?
warning: /usr/include/c++/11: 'linker' input unused [-Wunused-command-line-argument]
warning: /usr/include/x86_64-linux-gnu/c++/11: 'linker' input unused [-Wunused-command-line-argument]
warning: /usr/include: 'linker' input unused [-Wunused-command-line-argument]
warning: /usr/lib/llvm-16/lib/clang/16/include: 'linker' input unused [-Wunused-command-line-argument]
In file included from /home/liming/Desktop/CryptoHLS/build/../test/aes_raw.cpp:5:
In file included from /usr/bin/../lib/gcc/x86_64-linux-gnu/11/../../../../include/c++/11/cstring:42:
/usr/include/string.h:33:10: fatal error: 'stddef.h' file not found
#include <stddef.h>
         ^~~~~~~~~~
1 error generated.
Error while processing /home/liming/Desktop/CryptoHLS/build/../test/aes_raw.cpp.
 Failed to run DesignSpaceAction.



==================== Collecting Sample 42/100 ====================
--- Running CryptoHLS Tool ---
ERROR: CryptoHLS tool failed to run.
STDOUT: [INFO] Step 1: Building Design Space from source...

STDERR: error: no such file or directory: '-isystem'; did you mean '-isystem'?
error: no such file or directory: '-isystem'; did you mean '-isystem'?
error: no such file or directory: '-isystem'; did you mean '-isystem'?
error: no such file or directory: '-isystem'; did you mean '-isystem'?
warning: /usr/include/c++/11: 'linker' input unused [-Wunused-command-line-argument]
warning: /usr/include/x86_64-linux-gnu/c++/11: 'linker' input unused [-Wunused-command-line-argument]
warning: /usr/include: 'linker' input unused [-Wunused-command-line-argument]
warning: /usr/lib/llvm-16/lib/clang/16/include: 'linker' input unused [-Wunused-command-line-argument]
In file included from /home/liming/Desktop/CryptoHLS/build/../test/aes_raw.cpp:5:
In file included from /usr/bin/../lib/gcc/x86_64-linux-gnu/11/../../../../include/c++/11/cstring:42:
/usr/include/string.h:33:10: fatal error: 'stddef.h' file not found
#include <stddef.h>
         ^~~~~~~~~~
1 error generated.
Error while processing /home/liming/Desktop/CryptoHLS/build/../test/aes_raw.cpp.
 Failed to run DesignSpaceAction.



==================== Collecting Sample 43/100 ====================
--- Running CryptoHLS Tool ---
ERROR: CryptoHLS tool failed to run.
STDOUT: [INFO] Step 1: Building Design Space from source...

STDERR: error: no such file or directory: '-isystem'; did you mean '-isystem'?
error: no such file or directory: '-isystem'; did you mean '-isystem'?
error: no such file or directory: '-isystem'; did you mean '-isystem'?
error: no such file or directory: '-isystem'; did you mean '-isystem'?
warning: /usr/include/c++/11: 'linker' input unused [-Wunused-command-line-argument]
warning: /usr/include/x86_64-linux-gnu/c++/11: 'linker' input unused [-Wunused-command-line-argument]
warning: /usr/include: 'linker' input unused [-Wunused-command-line-argument]
warning: /usr/lib/llvm-16/lib/clang/16/include: 'linker' input unused [-Wunused-command-line-argument]
In file included from /home/liming/Desktop/CryptoHLS/build/../test/aes_raw.cpp:5:
In file included from /usr/bin/../lib/gcc/x86_64-linux-gnu/11/../../../../include/c++/11/cstring:42:
/usr/include/string.h:33:10: fatal error: 'stddef.h' file not found
#include <stddef.h>
         ^~~~~~~~~~
1 error generated.
Error while processing /home/liming/Desktop/CryptoHLS/build/../test/aes_raw.cpp.
 Failed to run DesignSpaceAction.



==================== Collecting Sample 44/100 ====================
--- Running CryptoHLS Tool ---
ERROR: CryptoHLS tool failed to run.
STDOUT: [INFO] Step 1: Building Design Space from source...

STDERR: error: no such file or directory: '-isystem'; did you mean '-isystem'?
error: no such file or directory: '-isystem'; did you mean '-isystem'?
error: no such file or directory: '-isystem'; did you mean '-isystem'?
error: no such file or directory: '-isystem'; did you mean '-isystem'?
warning: /usr/include/c++/11: 'linker' input unused [-Wunused-command-line-argument]
warning: /usr/include/x86_64-linux-gnu/c++/11: 'linker' input unused [-Wunused-command-line-argument]
warning: /usr/include: 'linker' input unused [-Wunused-command-line-argument]
warning: /usr/lib/llvm-16/lib/clang/16/include: 'linker' input unused [-Wunused-command-line-argument]
In file included from /home/liming/Desktop/CryptoHLS/build/../test/aes_raw.cpp:5:
In file included from /usr/bin/../lib/gcc/x86_64-linux-gnu/11/../../../../include/c++/11/cstring:42:
/usr/include/string.h:33:10: fatal error: 'stddef.h' file not found
#include <stddef.h>
         ^~~~~~~~~~
1 error generated.
Error while processing /home/liming/Desktop/CryptoHLS/build/../test/aes_raw.cpp.
 Failed to run DesignSpaceAction.



==================== Collecting Sample 45/100 ====================
--- Running CryptoHLS Tool ---
ERROR: CryptoHLS tool failed to run.
STDOUT: [INFO] Step 1: Building Design Space from source...

STDERR: error: no such file or directory: '-isystem'; did you mean '-isystem'?
error: no such file or directory: '-isystem'; did you mean '-isystem'?
error: no such file or directory: '-isystem'; did you mean '-isystem'?
error: no such file or directory: '-isystem'; did you mean '-isystem'?
warning: /usr/include/c++/11: 'linker' input unused [-Wunused-command-line-argument]
warning: /usr/include/x86_64-linux-gnu/c++/11: 'linker' input unused [-Wunused-command-line-argument]
warning: /usr/include: 'linker' input unused [-Wunused-command-line-argument]
warning: /usr/lib/llvm-16/lib/clang/16/include: 'linker' input unused [-Wunused-command-line-argument]
In file included from /home/liming/Desktop/CryptoHLS/build/../test/aes_raw.cpp:5:
In file included from /usr/bin/../lib/gcc/x86_64-linux-gnu/11/../../../../include/c++/11/cstring:42:
/usr/include/string.h:33:10: fatal error: 'stddef.h' file not found
#include <stddef.h>
         ^~~~~~~~~~
1 error generated.
Error while processing /home/liming/Desktop/CryptoHLS/build/../test/aes_raw.cpp.
 Failed to run DesignSpaceAction.



==================== Collecting Sample 46/100 ====================
--- Running CryptoHLS Tool ---
ERROR: CryptoHLS tool failed to run.
STDOUT: [INFO] Step 1: Building Design Space from source...

STDERR: error: no such file or directory: '-isystem'; did you mean '-isystem'?
error: no such file or directory: '-isystem'; did you mean '-isystem'?
error: no such file or directory: '-isystem'; did you mean '-isystem'?
error: no such file or directory: '-isystem'; did you mean '-isystem'?
warning: /usr/include/c++/11: 'linker' input unused [-Wunused-command-line-argument]
warning: /usr/include/x86_64-linux-gnu/c++/11: 'linker' input unused [-Wunused-command-line-argument]
warning: /usr/include: 'linker' input unused [-Wunused-command-line-argument]
warning: /usr/lib/llvm-16/lib/clang/16/include: 'linker' input unused [-Wunused-command-line-argument]
In file included from /home/liming/Desktop/CryptoHLS/build/../test/aes_raw.cpp:5:
In file included from /usr/bin/../lib/gcc/x86_64-linux-gnu/11/../../../../include/c++/11/cstring:42:
/usr/include/string.h:33:10: fatal error: 'stddef.h' file not found
#include <stddef.h>
         ^~~~~~~~~~
1 error generated.
Error while processing /home/liming/Desktop/CryptoHLS/build/../test/aes_raw.cpp.
 Failed to run DesignSpaceAction.



==================== Collecting Sample 47/100 ====================
--- Running CryptoHLS Tool ---
ERROR: CryptoHLS tool failed to run.
STDOUT: [INFO] Step 1: Building Design Space from source...

STDERR: error: no such file or directory: '-isystem'; did you mean '-isystem'?
error: no such file or directory: '-isystem'; did you mean '-isystem'?
error: no such file or directory: '-isystem'; did you mean '-isystem'?
error: no such file or directory: '-isystem'; did you mean '-isystem'?
warning: /usr/include/c++/11: 'linker' input unused [-Wunused-command-line-argument]
warning: /usr/include/x86_64-linux-gnu/c++/11: 'linker' input unused [-Wunused-command-line-argument]
warning: /usr/include: 'linker' input unused [-Wunused-command-line-argument]
warning: /usr/lib/llvm-16/lib/clang/16/include: 'linker' input unused [-Wunused-command-line-argument]
In file included from /home/liming/Desktop/CryptoHLS/build/../test/aes_raw.cpp:5:
In file included from /usr/bin/../lib/gcc/x86_64-linux-gnu/11/../../../../include/c++/11/cstring:42:
/usr/include/string.h:33:10: fatal error: 'stddef.h' file not found
#include <stddef.h>
         ^~~~~~~~~~
1 error generated.
Error while processing /home/liming/Desktop/CryptoHLS/build/../test/aes_raw.cpp.
 Failed to run DesignSpaceAction.



==================== Collecting Sample 48/100 ====================
--- Running CryptoHLS Tool ---
ERROR: CryptoHLS tool failed to run.
STDOUT: [INFO] Step 1: Building Design Space from source...

STDERR: error: no such file or directory: '-isystem'; did you mean '-isystem'?
error: no such file or directory: '-isystem'; did you mean '-isystem'?
error: no such file or directory: '-isystem'; did you mean '-isystem'?
error: no such file or directory: '-isystem'; did you mean '-isystem'?
warning: /usr/include/c++/11: 'linker' input unused [-Wunused-command-line-argument]
warning: /usr/include/x86_64-linux-gnu/c++/11: 'linker' input unused [-Wunused-command-line-argument]
warning: /usr/include: 'linker' input unused [-Wunused-command-line-argument]
warning: /usr/lib/llvm-16/lib/clang/16/include: 'linker' input unused [-Wunused-command-line-argument]
In file included from /home/liming/Desktop/CryptoHLS/build/../test/aes_raw.cpp:5:
In file included from /usr/bin/../lib/gcc/x86_64-linux-gnu/11/../../../../include/c++/11/cstring:42:
/usr/include/string.h:33:10: fatal error: 'stddef.h' file not found
#include <stddef.h>
         ^~~~~~~~~~
1 error generated.
Error while processing /home/liming/Desktop/CryptoHLS/build/../test/aes_raw.cpp.
 Failed to run DesignSpaceAction.



==================== Collecting Sample 49/100 ====================
--- Running CryptoHLS Tool ---
ERROR: CryptoHLS tool failed to run.
STDOUT: [INFO] Step 1: Building Design Space from source...

STDERR: error: no such file or directory: '-isystem'; did you mean '-isystem'?
error: no such file or directory: '-isystem'; did you mean '-isystem'?
error: no such file or directory: '-isystem'; did you mean '-isystem'?
error: no such file or directory: '-isystem'; did you mean '-isystem'?
warning: /usr/include/c++/11: 'linker' input unused [-Wunused-command-line-argument]
warning: /usr/include/x86_64-linux-gnu/c++/11: 'linker' input unused [-Wunused-command-line-argument]
warning: /usr/include: 'linker' input unused [-Wunused-command-line-argument]
warning: /usr/lib/llvm-16/lib/clang/16/include: 'linker' input unused [-Wunused-command-line-argument]
In file included from /home/liming/Desktop/CryptoHLS/build/../test/aes_raw.cpp:5:
In file included from /usr/bin/../lib/gcc/x86_64-linux-gnu/11/../../../../include/c++/11/cstring:42:
/usr/include/string.h:33:10: fatal error: 'stddef.h' file not found
#include <stddef.h>
         ^~~~~~~~~~
1 error generated.
Error while processing /home/liming/Desktop/CryptoHLS/build/../test/aes_raw.cpp.
 Failed to run DesignSpaceAction.



==================== Collecting Sample 50/100 ====================
--- Running CryptoHLS Tool ---
ERROR: CryptoHLS tool failed to run.
STDOUT: [INFO] Step 1: Building Design Space from source...

STDERR: error: no such file or directory: '-isystem'; did you mean '-isystem'?
error: no such file or directory: '-isystem'; did you mean '-isystem'?
error: no such file or directory: '-isystem'; did you mean '-isystem'?
error: no such file or directory: '-isystem'; did you mean '-isystem'?
warning: /usr/include/c++/11: 'linker' input unused [-Wunused-command-line-argument]
warning: /usr/include/x86_64-linux-gnu/c++/11: 'linker' input unused [-Wunused-command-line-argument]
warning: /usr/include: 'linker' input unused [-Wunused-command-line-argument]
warning: /usr/lib/llvm-16/lib/clang/16/include: 'linker' input unused [-Wunused-command-line-argument]
In file included from /home/liming/Desktop/CryptoHLS/build/../test/aes_raw.cpp:5:
In file included from /usr/bin/../lib/gcc/x86_64-linux-gnu/11/../../../../include/c++/11/cstring:42:
/usr/include/string.h:33:10: fatal error: 'stddef.h' file not found
#include <stddef.h>
         ^~~~~~~~~~
1 error generated.
Error while processing /home/liming/Desktop/CryptoHLS/build/../test/aes_raw.cpp.
 Failed to run DesignSpaceAction.



==================== Collecting Sample 51/100 ====================
--- Running CryptoHLS Tool ---
ERROR: CryptoHLS tool failed to run.
STDOUT: [INFO] Step 1: Building Design Space from source...

STDERR: error: no such file or directory: '-isystem'; did you mean '-isystem'?
error: no such file or directory: '-isystem'; did you mean '-isystem'?
error: no such file or directory: '-isystem'; did you mean '-isystem'?
error: no such file or directory: '-isystem'; did you mean '-isystem'?
warning: /usr/include/c++/11: 'linker' input unused [-Wunused-command-line-argument]
warning: /usr/include/x86_64-linux-gnu/c++/11: 'linker' input unused [-Wunused-command-line-argument]
warning: /usr/include: 'linker' input unused [-Wunused-command-line-argument]
warning: /usr/lib/llvm-16/lib/clang/16/include: 'linker' input unused [-Wunused-command-line-argument]
In file included from /home/liming/Desktop/CryptoHLS/build/../test/aes_raw.cpp:5:
In file included from /usr/bin/../lib/gcc/x86_64-linux-gnu/11/../../../../include/c++/11/cstring:42:
/usr/include/string.h:33:10: fatal error: 'stddef.h' file not found
#include <stddef.h>
         ^~~~~~~~~~
1 error generated.
Error while processing /home/liming/Desktop/CryptoHLS/build/../test/aes_raw.cpp.
 Failed to run DesignSpaceAction.



==================== Collecting Sample 52/100 ====================
--- Running CryptoHLS Tool ---
ERROR: CryptoHLS tool failed to run.
STDOUT: [INFO] Step 1: Building Design Space from source...

STDERR: error: no such file or directory: '-isystem'; did you mean '-isystem'?
error: no such file or directory: '-isystem'; did you mean '-isystem'?
error: no such file or directory: '-isystem'; did you mean '-isystem'?
error: no such file or directory: '-isystem'; did you mean '-isystem'?
warning: /usr/include/c++/11: 'linker' input unused [-Wunused-command-line-argument]
warning: /usr/include/x86_64-linux-gnu/c++/11: 'linker' input unused [-Wunused-command-line-argument]
warning: /usr/include: 'linker' input unused [-Wunused-command-line-argument]
warning: /usr/lib/llvm-16/lib/clang/16/include: 'linker' input unused [-Wunused-command-line-argument]
In file included from /home/liming/Desktop/CryptoHLS/build/../test/aes_raw.cpp:5:
In file included from /usr/bin/../lib/gcc/x86_64-linux-gnu/11/../../../../include/c++/11/cstring:42:
/usr/include/string.h:33:10: fatal error: 'stddef.h' file not found
#include <stddef.h>
         ^~~~~~~~~~
1 error generated.
Error while processing /home/liming/Desktop/CryptoHLS/build/../test/aes_raw.cpp.
 Failed to run DesignSpaceAction.



==================== Collecting Sample 53/100 ====================
--- Running CryptoHLS Tool ---
ERROR: CryptoHLS tool failed to run.
STDOUT: [INFO] Step 1: Building Design Space from source...

STDERR: error: no such file or directory: '-isystem'; did you mean '-isystem'?
error: no such file or directory: '-isystem'; did you mean '-isystem'?
error: no such file or directory: '-isystem'; did you mean '-isystem'?
error: no such file or directory: '-isystem'; did you mean '-isystem'?
warning: /usr/include/c++/11: 'linker' input unused [-Wunused-command-line-argument]
warning: /usr/include/x86_64-linux-gnu/c++/11: 'linker' input unused [-Wunused-command-line-argument]
warning: /usr/include: 'linker' input unused [-Wunused-command-line-argument]
warning: /usr/lib/llvm-16/lib/clang/16/include: 'linker' input unused [-Wunused-command-line-argument]
In file included from /home/liming/Desktop/CryptoHLS/build/../test/aes_raw.cpp:5:
In file included from /usr/bin/../lib/gcc/x86_64-linux-gnu/11/../../../../include/c++/11/cstring:42:
/usr/include/string.h:33:10: fatal error: 'stddef.h' file not found
#include <stddef.h>
         ^~~~~~~~~~
1 error generated.
Error while processing /home/liming/Desktop/CryptoHLS/build/../test/aes_raw.cpp.
 Failed to run DesignSpaceAction.



==================== Collecting Sample 54/100 ====================
--- Running CryptoHLS Tool ---
ERROR: CryptoHLS tool failed to run.
STDOUT: [INFO] Step 1: Building Design Space from source...

STDERR: error: no such file or directory: '-isystem'; did you mean '-isystem'?
error: no such file or directory: '-isystem'; did you mean '-isystem'?
error: no such file or directory: '-isystem'; did you mean '-isystem'?
error: no such file or directory: '-isystem'; did you mean '-isystem'?
warning: /usr/include/c++/11: 'linker' input unused [-Wunused-command-line-argument]
warning: /usr/include/x86_64-linux-gnu/c++/11: 'linker' input unused [-Wunused-command-line-argument]
warning: /usr/include: 'linker' input unused [-Wunused-command-line-argument]
warning: /usr/lib/llvm-16/lib/clang/16/include: 'linker' input unused [-Wunused-command-line-argument]
In file included from /home/liming/Desktop/CryptoHLS/build/../test/aes_raw.cpp:5:
In file included from /usr/bin/../lib/gcc/x86_64-linux-gnu/11/../../../../include/c++/11/cstring:42:
/usr/include/string.h:33:10: fatal error: 'stddef.h' file not found
#include <stddef.h>
         ^~~~~~~~~~
1 error generated.
Error while processing /home/liming/Desktop/CryptoHLS/build/../test/aes_raw.cpp.
 Failed to run DesignSpaceAction.



==================== Collecting Sample 55/100 ====================
--- Running CryptoHLS Tool ---
ERROR: CryptoHLS tool failed to run.
STDOUT: [INFO] Step 1: Building Design Space from source...

STDERR: error: no such file or directory: '-isystem'; did you mean '-isystem'?
error: no such file or directory: '-isystem'; did you mean '-isystem'?
error: no such file or directory: '-isystem'; did you mean '-isystem'?
error: no such file or directory: '-isystem'; did you mean '-isystem'?
warning: /usr/include/c++/11: 'linker' input unused [-Wunused-command-line-argument]
warning: /usr/include/x86_64-linux-gnu/c++/11: 'linker' input unused [-Wunused-command-line-argument]
warning: /usr/include: 'linker' input unused [-Wunused-command-line-argument]
warning: /usr/lib/llvm-16/lib/clang/16/include: 'linker' input unused [-Wunused-command-line-argument]
In file included from /home/liming/Desktop/CryptoHLS/build/../test/aes_raw.cpp:5:
In file included from /usr/bin/../lib/gcc/x86_64-linux-gnu/11/../../../../include/c++/11/cstring:42:
/usr/include/string.h:33:10: fatal error: 'stddef.h' file not found
#include <stddef.h>
         ^~~~~~~~~~
1 error generated.
Error while processing /home/liming/Desktop/CryptoHLS/build/../test/aes_raw.cpp.
 Failed to run DesignSpaceAction.



==================== Collecting Sample 56/100 ====================
--- Running CryptoHLS Tool ---
ERROR: CryptoHLS tool failed to run.
STDOUT: [INFO] Step 1: Building Design Space from source...

STDERR: error: no such file or directory: '-isystem'; did you mean '-isystem'?
error: no such file or directory: '-isystem'; did you mean '-isystem'?
error: no such file or directory: '-isystem'; did you mean '-isystem'?
error: no such file or directory: '-isystem'; did you mean '-isystem'?
warning: /usr/include/c++/11: 'linker' input unused [-Wunused-command-line-argument]
warning: /usr/include/x86_64-linux-gnu/c++/11: 'linker' input unused [-Wunused-command-line-argument]
warning: /usr/include: 'linker' input unused [-Wunused-command-line-argument]
warning: /usr/lib/llvm-16/lib/clang/16/include: 'linker' input unused [-Wunused-command-line-argument]
In file included from /home/liming/Desktop/CryptoHLS/build/../test/aes_raw.cpp:5:
In file included from /usr/bin/../lib/gcc/x86_64-linux-gnu/11/../../../../include/c++/11/cstring:42:
/usr/include/string.h:33:10: fatal error: 'stddef.h' file not found
#include <stddef.h>
         ^~~~~~~~~~
1 error generated.
Error while processing /home/liming/Desktop/CryptoHLS/build/../test/aes_raw.cpp.
 Failed to run DesignSpaceAction.



==================== Collecting Sample 57/100 ====================
--- Running CryptoHLS Tool ---
ERROR: CryptoHLS tool failed to run.
STDOUT: [INFO] Step 1: Building Design Space from source...

STDERR: error: no such file or directory: '-isystem'; did you mean '-isystem'?
error: no such file or directory: '-isystem'; did you mean '-isystem'?
error: no such file or directory: '-isystem'; did you mean '-isystem'?
error: no such file or directory: '-isystem'; did you mean '-isystem'?
warning: /usr/include/c++/11: 'linker' input unused [-Wunused-command-line-argument]
warning: /usr/include/x86_64-linux-gnu/c++/11: 'linker' input unused [-Wunused-command-line-argument]
warning: /usr/include: 'linker' input unused [-Wunused-command-line-argument]
warning: /usr/lib/llvm-16/lib/clang/16/include: 'linker' input unused [-Wunused-command-line-argument]
In file included from /home/liming/Desktop/CryptoHLS/build/../test/aes_raw.cpp:5:
In file included from /usr/bin/../lib/gcc/x86_64-linux-gnu/11/../../../../include/c++/11/cstring:42:
/usr/include/string.h:33:10: fatal error: 'stddef.h' file not found
#include <stddef.h>
         ^~~~~~~~~~
1 error generated.
Error while processing /home/liming/Desktop/CryptoHLS/build/../test/aes_raw.cpp.
 Failed to run DesignSpaceAction.



==================== Collecting Sample 58/100 ====================
--- Running CryptoHLS Tool ---
ERROR: CryptoHLS tool failed to run.
STDOUT: [INFO] Step 1: Building Design Space from source...

STDERR: error: no such file or directory: '-isystem'; did you mean '-isystem'?
error: no such file or directory: '-isystem'; did you mean '-isystem'?
error: no such file or directory: '-isystem'; did you mean '-isystem'?
error: no such file or directory: '-isystem'; did you mean '-isystem'?
warning: /usr/include/c++/11: 'linker' input unused [-Wunused-command-line-argument]
warning: /usr/include/x86_64-linux-gnu/c++/11: 'linker' input unused [-Wunused-command-line-argument]
warning: /usr/include: 'linker' input unused [-Wunused-command-line-argument]
warning: /usr/lib/llvm-16/lib/clang/16/include: 'linker' input unused [-Wunused-command-line-argument]
In file included from /home/liming/Desktop/CryptoHLS/build/../test/aes_raw.cpp:5:
In file included from /usr/bin/../lib/gcc/x86_64-linux-gnu/11/../../../../include/c++/11/cstring:42:
/usr/include/string.h:33:10: fatal error: 'stddef.h' file not found
#include <stddef.h>
         ^~~~~~~~~~
1 error generated.
Error while processing /home/liming/Desktop/CryptoHLS/build/../test/aes_raw.cpp.
 Failed to run DesignSpaceAction.



==================== Collecting Sample 59/100 ====================
--- Running CryptoHLS Tool ---
ERROR: CryptoHLS tool failed to run.
STDOUT: [INFO] Step 1: Building Design Space from source...

STDERR: error: no such file or directory: '-isystem'; did you mean '-isystem'?
error: no such file or directory: '-isystem'; did you mean '-isystem'?
error: no such file or directory: '-isystem'; did you mean '-isystem'?
error: no such file or directory: '-isystem'; did you mean '-isystem'?
warning: /usr/include/c++/11: 'linker' input unused [-Wunused-command-line-argument]
warning: /usr/include/x86_64-linux-gnu/c++/11: 'linker' input unused [-Wunused-command-line-argument]
warning: /usr/include: 'linker' input unused [-Wunused-command-line-argument]
warning: /usr/lib/llvm-16/lib/clang/16/include: 'linker' input unused [-Wunused-command-line-argument]
In file included from /home/liming/Desktop/CryptoHLS/build/../test/aes_raw.cpp:5:
In file included from /usr/bin/../lib/gcc/x86_64-linux-gnu/11/../../../../include/c++/11/cstring:42:
/usr/include/string.h:33:10: fatal error: 'stddef.h' file not found
#include <stddef.h>
         ^~~~~~~~~~
1 error generated.
Error while processing /home/liming/Desktop/CryptoHLS/build/../test/aes_raw.cpp.
 Failed to run DesignSpaceAction.



==================== Collecting Sample 60/100 ====================
--- Running CryptoHLS Tool ---
ERROR: CryptoHLS tool failed to run.
STDOUT: [INFO] Step 1: Building Design Space from source...

STDERR: error: no such file or directory: '-isystem'; did you mean '-isystem'?
error: no such file or directory: '-isystem'; did you mean '-isystem'?
error: no such file or directory: '-isystem'; did you mean '-isystem'?
error: no such file or directory: '-isystem'; did you mean '-isystem'?
warning: /usr/include/c++/11: 'linker' input unused [-Wunused-command-line-argument]
warning: /usr/include/x86_64-linux-gnu/c++/11: 'linker' input unused [-Wunused-command-line-argument]
warning: /usr/include: 'linker' input unused [-Wunused-command-line-argument]
warning: /usr/lib/llvm-16/lib/clang/16/include: 'linker' input unused [-Wunused-command-line-argument]
In file included from /home/liming/Desktop/CryptoHLS/build/../test/aes_raw.cpp:5:
In file included from /usr/bin/../lib/gcc/x86_64-linux-gnu/11/../../../../include/c++/11/cstring:42:
/usr/include/string.h:33:10: fatal error: 'stddef.h' file not found
#include <stddef.h>
         ^~~~~~~~~~
1 error generated.
Error while processing /home/liming/Desktop/CryptoHLS/build/../test/aes_raw.cpp.
 Failed to run DesignSpaceAction.



==================== Collecting Sample 61/100 ====================
--- Running CryptoHLS Tool ---
ERROR: CryptoHLS tool failed to run.
STDOUT: [INFO] Step 1: Building Design Space from source...

STDERR: error: no such file or directory: '-isystem'; did you mean '-isystem'?
error: no such file or directory: '-isystem'; did you mean '-isystem'?
error: no such file or directory: '-isystem'; did you mean '-isystem'?
error: no such file or directory: '-isystem'; did you mean '-isystem'?
warning: /usr/include/c++/11: 'linker' input unused [-Wunused-command-line-argument]
warning: /usr/include/x86_64-linux-gnu/c++/11: 'linker' input unused [-Wunused-command-line-argument]
warning: /usr/include: 'linker' input unused [-Wunused-command-line-argument]
warning: /usr/lib/llvm-16/lib/clang/16/include: 'linker' input unused [-Wunused-command-line-argument]
In file included from /home/liming/Desktop/CryptoHLS/build/../test/aes_raw.cpp:5:
In file included from /usr/bin/../lib/gcc/x86_64-linux-gnu/11/../../../../include/c++/11/cstring:42:
/usr/include/string.h:33:10: fatal error: 'stddef.h' file not found
#include <stddef.h>
         ^~~~~~~~~~
1 error generated.
Error while processing /home/liming/Desktop/CryptoHLS/build/../test/aes_raw.cpp.
 Failed to run DesignSpaceAction.



==================== Collecting Sample 62/100 ====================
--- Running CryptoHLS Tool ---
ERROR: CryptoHLS tool failed to run.
STDOUT: [INFO] Step 1: Building Design Space from source...

STDERR: error: no such file or directory: '-isystem'; did you mean '-isystem'?
error: no such file or directory: '-isystem'; did you mean '-isystem'?
error: no such file or directory: '-isystem'; did you mean '-isystem'?
error: no such file or directory: '-isystem'; did you mean '-isystem'?
warning: /usr/include/c++/11: 'linker' input unused [-Wunused-command-line-argument]
warning: /usr/include/x86_64-linux-gnu/c++/11: 'linker' input unused [-Wunused-command-line-argument]
warning: /usr/include: 'linker' input unused [-Wunused-command-line-argument]
warning: /usr/lib/llvm-16/lib/clang/16/include: 'linker' input unused [-Wunused-command-line-argument]
In file included from /home/liming/Desktop/CryptoHLS/build/../test/aes_raw.cpp:5:
In file included from /usr/bin/../lib/gcc/x86_64-linux-gnu/11/../../../../include/c++/11/cstring:42:
/usr/include/string.h:33:10: fatal error: 'stddef.h' file not found
#include <stddef.h>
         ^~~~~~~~~~
1 error generated.
Error while processing /home/liming/Desktop/CryptoHLS/build/../test/aes_raw.cpp.
 Failed to run DesignSpaceAction.



==================== Collecting Sample 63/100 ====================
--- Running CryptoHLS Tool ---
ERROR: CryptoHLS tool failed to run.
STDOUT: [INFO] Step 1: Building Design Space from source...

STDERR: error: no such file or directory: '-isystem'; did you mean '-isystem'?
error: no such file or directory: '-isystem'; did you mean '-isystem'?
error: no such file or directory: '-isystem'; did you mean '-isystem'?
error: no such file or directory: '-isystem'; did you mean '-isystem'?
warning: /usr/include/c++/11: 'linker' input unused [-Wunused-command-line-argument]
warning: /usr/include/x86_64-linux-gnu/c++/11: 'linker' input unused [-Wunused-command-line-argument]
warning: /usr/include: 'linker' input unused [-Wunused-command-line-argument]
warning: /usr/lib/llvm-16/lib/clang/16/include: 'linker' input unused [-Wunused-command-line-argument]
In file included from /home/liming/Desktop/CryptoHLS/build/../test/aes_raw.cpp:5:
In file included from /usr/bin/../lib/gcc/x86_64-linux-gnu/11/../../../../include/c++/11/cstring:42:
/usr/include/string.h:33:10: fatal error: 'stddef.h' file not found
#include <stddef.h>
         ^~~~~~~~~~
1 error generated.
Error while processing /home/liming/Desktop/CryptoHLS/build/../test/aes_raw.cpp.
 Failed to run DesignSpaceAction.



==================== Collecting Sample 64/100 ====================
--- Running CryptoHLS Tool ---
ERROR: CryptoHLS tool failed to run.
STDOUT: [INFO] Step 1: Building Design Space from source...

STDERR: error: no such file or directory: '-isystem'; did you mean '-isystem'?
error: no such file or directory: '-isystem'; did you mean '-isystem'?
error: no such file or directory: '-isystem'; did you mean '-isystem'?
error: no such file or directory: '-isystem'; did you mean '-isystem'?
warning: /usr/include/c++/11: 'linker' input unused [-Wunused-command-line-argument]
warning: /usr/include/x86_64-linux-gnu/c++/11: 'linker' input unused [-Wunused-command-line-argument]
warning: /usr/include: 'linker' input unused [-Wunused-command-line-argument]
warning: /usr/lib/llvm-16/lib/clang/16/include: 'linker' input unused [-Wunused-command-line-argument]
In file included from /home/liming/Desktop/CryptoHLS/build/../test/aes_raw.cpp:5:
In file included from /usr/bin/../lib/gcc/x86_64-linux-gnu/11/../../../../include/c++/11/cstring:42:
/usr/include/string.h:33:10: fatal error: 'stddef.h' file not found
#include <stddef.h>
         ^~~~~~~~~~
1 error generated.
Error while processing /home/liming/Desktop/CryptoHLS/build/../test/aes_raw.cpp.
 Failed to run DesignSpaceAction.



==================== Collecting Sample 65/100 ====================
--- Running CryptoHLS Tool ---
ERROR: CryptoHLS tool failed to run.
STDOUT: [INFO] Step 1: Building Design Space from source...

STDERR: error: no such file or directory: '-isystem'; did you mean '-isystem'?
error: no such file or directory: '-isystem'; did you mean '-isystem'?
error: no such file or directory: '-isystem'; did you mean '-isystem'?
error: no such file or directory: '-isystem'; did you mean '-isystem'?
warning: /usr/include/c++/11: 'linker' input unused [-Wunused-command-line-argument]
warning: /usr/include/x86_64-linux-gnu/c++/11: 'linker' input unused [-Wunused-command-line-argument]
warning: /usr/include: 'linker' input unused [-Wunused-command-line-argument]
warning: /usr/lib/llvm-16/lib/clang/16/include: 'linker' input unused [-Wunused-command-line-argument]
In file included from /home/liming/Desktop/CryptoHLS/build/../test/aes_raw.cpp:5:
In file included from /usr/bin/../lib/gcc/x86_64-linux-gnu/11/../../../../include/c++/11/cstring:42:
/usr/include/string.h:33:10: fatal error: 'stddef.h' file not found
#include <stddef.h>
         ^~~~~~~~~~
1 error generated.
Error while processing /home/liming/Desktop/CryptoHLS/build/../test/aes_raw.cpp.
 Failed to run DesignSpaceAction.



==================== Collecting Sample 66/100 ====================
--- Running CryptoHLS Tool ---
ERROR: CryptoHLS tool failed to run.
STDOUT: [INFO] Step 1: Building Design Space from source...

STDERR: error: no such file or directory: '-isystem'; did you mean '-isystem'?
error: no such file or directory: '-isystem'; did you mean '-isystem'?
error: no such file or directory: '-isystem'; did you mean '-isystem'?
error: no such file or directory: '-isystem'; did you mean '-isystem'?
warning: /usr/include/c++/11: 'linker' input unused [-Wunused-command-line-argument]
warning: /usr/include/x86_64-linux-gnu/c++/11: 'linker' input unused [-Wunused-command-line-argument]
warning: /usr/include: 'linker' input unused [-Wunused-command-line-argument]
warning: /usr/lib/llvm-16/lib/clang/16/include: 'linker' input unused [-Wunused-command-line-argument]
In file included from /home/liming/Desktop/CryptoHLS/build/../test/aes_raw.cpp:5:
In file included from /usr/bin/../lib/gcc/x86_64-linux-gnu/11/../../../../include/c++/11/cstring:42:
/usr/include/string.h:33:10: fatal error: 'stddef.h' file not found
#include <stddef.h>
         ^~~~~~~~~~
1 error generated.
Error while processing /home/liming/Desktop/CryptoHLS/build/../test/aes_raw.cpp.
 Failed to run DesignSpaceAction.



==================== Collecting Sample 67/100 ====================
--- Running CryptoHLS Tool ---
ERROR: CryptoHLS tool failed to run.
STDOUT: [INFO] Step 1: Building Design Space from source...

STDERR: error: no such file or directory: '-isystem'; did you mean '-isystem'?
error: no such file or directory: '-isystem'; did you mean '-isystem'?
error: no such file or directory: '-isystem'; did you mean '-isystem'?
error: no such file or directory: '-isystem'; did you mean '-isystem'?
warning: /usr/include/c++/11: 'linker' input unused [-Wunused-command-line-argument]
warning: /usr/include/x86_64-linux-gnu/c++/11: 'linker' input unused [-Wunused-command-line-argument]
warning: /usr/include: 'linker' input unused [-Wunused-command-line-argument]
warning: /usr/lib/llvm-16/lib/clang/16/include: 'linker' input unused [-Wunused-command-line-argument]
In file included from /home/liming/Desktop/CryptoHLS/build/../test/aes_raw.cpp:5:
In file included from /usr/bin/../lib/gcc/x86_64-linux-gnu/11/../../../../include/c++/11/cstring:42:
/usr/include/string.h:33:10: fatal error: 'stddef.h' file not found
#include <stddef.h>
         ^~~~~~~~~~
1 error generated.
Error while processing /home/liming/Desktop/CryptoHLS/build/../test/aes_raw.cpp.
 Failed to run DesignSpaceAction.



==================== Collecting Sample 68/100 ====================
--- Running CryptoHLS Tool ---
ERROR: CryptoHLS tool failed to run.
STDOUT: [INFO] Step 1: Building Design Space from source...

STDERR: error: no such file or directory: '-isystem'; did you mean '-isystem'?
error: no such file or directory: '-isystem'; did you mean '-isystem'?
error: no such file or directory: '-isystem'; did you mean '-isystem'?
error: no such file or directory: '-isystem'; did you mean '-isystem'?
warning: /usr/include/c++/11: 'linker' input unused [-Wunused-command-line-argument]
warning: /usr/include/x86_64-linux-gnu/c++/11: 'linker' input unused [-Wunused-command-line-argument]
warning: /usr/include: 'linker' input unused [-Wunused-command-line-argument]
warning: /usr/lib/llvm-16/lib/clang/16/include: 'linker' input unused [-Wunused-command-line-argument]
In file included from /home/liming/Desktop/CryptoHLS/build/../test/aes_raw.cpp:5:
In file included from /usr/bin/../lib/gcc/x86_64-linux-gnu/11/../../../../include/c++/11/cstring:42:
/usr/include/string.h:33:10: fatal error: 'stddef.h' file not found
#include <stddef.h>
         ^~~~~~~~~~
1 error generated.
Error while processing /home/liming/Desktop/CryptoHLS/build/../test/aes_raw.cpp.
 Failed to run DesignSpaceAction.



==================== Collecting Sample 69/100 ====================
--- Running CryptoHLS Tool ---
ERROR: CryptoHLS tool failed to run.
STDOUT: [INFO] Step 1: Building Design Space from source...

STDERR: error: no such file or directory: '-isystem'; did you mean '-isystem'?
error: no such file or directory: '-isystem'; did you mean '-isystem'?
error: no such file or directory: '-isystem'; did you mean '-isystem'?
error: no such file or directory: '-isystem'; did you mean '-isystem'?
warning: /usr/include/c++/11: 'linker' input unused [-Wunused-command-line-argument]
warning: /usr/include/x86_64-linux-gnu/c++/11: 'linker' input unused [-Wunused-command-line-argument]
warning: /usr/include: 'linker' input unused [-Wunused-command-line-argument]
warning: /usr/lib/llvm-16/lib/clang/16/include: 'linker' input unused [-Wunused-command-line-argument]
In file included from /home/liming/Desktop/CryptoHLS/build/../test/aes_raw.cpp:5:
In file included from /usr/bin/../lib/gcc/x86_64-linux-gnu/11/../../../../include/c++/11/cstring:42:
/usr/include/string.h:33:10: fatal error: 'stddef.h' file not found
#include <stddef.h>
         ^~~~~~~~~~
1 error generated.
Error while processing /home/liming/Desktop/CryptoHLS/build/../test/aes_raw.cpp.
 Failed to run DesignSpaceAction.



==================== Collecting Sample 70/100 ====================
--- Running CryptoHLS Tool ---
ERROR: CryptoHLS tool failed to run.
STDOUT: [INFO] Step 1: Building Design Space from source...

STDERR: error: no such file or directory: '-isystem'; did you mean '-isystem'?
error: no such file or directory: '-isystem'; did you mean '-isystem'?
error: no such file or directory: '-isystem'; did you mean '-isystem'?
error: no such file or directory: '-isystem'; did you mean '-isystem'?
warning: /usr/include/c++/11: 'linker' input unused [-Wunused-command-line-argument]
warning: /usr/include/x86_64-linux-gnu/c++/11: 'linker' input unused [-Wunused-command-line-argument]
warning: /usr/include: 'linker' input unused [-Wunused-command-line-argument]
warning: /usr/lib/llvm-16/lib/clang/16/include: 'linker' input unused [-Wunused-command-line-argument]
In file included from /home/liming/Desktop/CryptoHLS/build/../test/aes_raw.cpp:5:
In file included from /usr/bin/../lib/gcc/x86_64-linux-gnu/11/../../../../include/c++/11/cstring:42:
/usr/include/string.h:33:10: fatal error: 'stddef.h' file not found
#include <stddef.h>
         ^~~~~~~~~~
1 error generated.
Error while processing /home/liming/Desktop/CryptoHLS/build/../test/aes_raw.cpp.
 Failed to run DesignSpaceAction.



==================== Collecting Sample 71/100 ====================
--- Running CryptoHLS Tool ---
ERROR: CryptoHLS tool failed to run.
STDOUT: [INFO] Step 1: Building Design Space from source...

STDERR: error: no such file or directory: '-isystem'; did you mean '-isystem'?
error: no such file or directory: '-isystem'; did you mean '-isystem'?
error: no such file or directory: '-isystem'; did you mean '-isystem'?
error: no such file or directory: '-isystem'; did you mean '-isystem'?
warning: /usr/include/c++/11: 'linker' input unused [-Wunused-command-line-argument]
warning: /usr/include/x86_64-linux-gnu/c++/11: 'linker' input unused [-Wunused-command-line-argument]
warning: /usr/include: 'linker' input unused [-Wunused-command-line-argument]
warning: /usr/lib/llvm-16/lib/clang/16/include: 'linker' input unused [-Wunused-command-line-argument]
In file included from /home/liming/Desktop/CryptoHLS/build/../test/aes_raw.cpp:5:
In file included from /usr/bin/../lib/gcc/x86_64-linux-gnu/11/../../../../include/c++/11/cstring:42:
/usr/include/string.h:33:10: fatal error: 'stddef.h' file not found
#include <stddef.h>
         ^~~~~~~~~~
1 error generated.
Error while processing /home/liming/Desktop/CryptoHLS/build/../test/aes_raw.cpp.
 Failed to run DesignSpaceAction.



==================== Collecting Sample 72/100 ====================
--- Running CryptoHLS Tool ---
ERROR: CryptoHLS tool failed to run.
STDOUT: [INFO] Step 1: Building Design Space from source...

STDERR: error: no such file or directory: '-isystem'; did you mean '-isystem'?
error: no such file or directory: '-isystem'; did you mean '-isystem'?
error: no such file or directory: '-isystem'; did you mean '-isystem'?
error: no such file or directory: '-isystem'; did you mean '-isystem'?
warning: /usr/include/c++/11: 'linker' input unused [-Wunused-command-line-argument]
warning: /usr/include/x86_64-linux-gnu/c++/11: 'linker' input unused [-Wunused-command-line-argument]
warning: /usr/include: 'linker' input unused [-Wunused-command-line-argument]
warning: /usr/lib/llvm-16/lib/clang/16/include: 'linker' input unused [-Wunused-command-line-argument]
In file included from /home/liming/Desktop/CryptoHLS/build/../test/aes_raw.cpp:5:
In file included from /usr/bin/../lib/gcc/x86_64-linux-gnu/11/../../../../include/c++/11/cstring:42:
/usr/include/string.h:33:10: fatal error: 'stddef.h' file not found
#include <stddef.h>
         ^~~~~~~~~~
1 error generated.
Error while processing /home/liming/Desktop/CryptoHLS/build/../test/aes_raw.cpp.
 Failed to run DesignSpaceAction.



==================== Collecting Sample 73/100 ====================
--- Running CryptoHLS Tool ---
ERROR: CryptoHLS tool failed to run.
STDOUT: [INFO] Step 1: Building Design Space from source...

STDERR: error: no such file or directory: '-isystem'; did you mean '-isystem'?
error: no such file or directory: '-isystem'; did you mean '-isystem'?
error: no such file or directory: '-isystem'; did you mean '-isystem'?
error: no such file or directory: '-isystem'; did you mean '-isystem'?
warning: /usr/include/c++/11: 'linker' input unused [-Wunused-command-line-argument]
warning: /usr/include/x86_64-linux-gnu/c++/11: 'linker' input unused [-Wunused-command-line-argument]
warning: /usr/include: 'linker' input unused [-Wunused-command-line-argument]
warning: /usr/lib/llvm-16/lib/clang/16/include: 'linker' input unused [-Wunused-command-line-argument]
In file included from /home/liming/Desktop/CryptoHLS/build/../test/aes_raw.cpp:5:
In file included from /usr/bin/../lib/gcc/x86_64-linux-gnu/11/../../../../include/c++/11/cstring:42:
/usr/include/string.h:33:10: fatal error: 'stddef.h' file not found
#include <stddef.h>
         ^~~~~~~~~~
1 error generated.
Error while processing /home/liming/Desktop/CryptoHLS/build/../test/aes_raw.cpp.
 Failed to run DesignSpaceAction.



==================== Collecting Sample 74/100 ====================
--- Running CryptoHLS Tool ---
ERROR: CryptoHLS tool failed to run.
STDOUT: [INFO] Step 1: Building Design Space from source...

STDERR: error: no such file or directory: '-isystem'; did you mean '-isystem'?
error: no such file or directory: '-isystem'; did you mean '-isystem'?
error: no such file or directory: '-isystem'; did you mean '-isystem'?
error: no such file or directory: '-isystem'; did you mean '-isystem'?
warning: /usr/include/c++/11: 'linker' input unused [-Wunused-command-line-argument]
warning: /usr/include/x86_64-linux-gnu/c++/11: 'linker' input unused [-Wunused-command-line-argument]
warning: /usr/include: 'linker' input unused [-Wunused-command-line-argument]
warning: /usr/lib/llvm-16/lib/clang/16/include: 'linker' input unused [-Wunused-command-line-argument]
In file included from /home/liming/Desktop/CryptoHLS/build/../test/aes_raw.cpp:5:
In file included from /usr/bin/../lib/gcc/x86_64-linux-gnu/11/../../../../include/c++/11/cstring:42:
/usr/include/string.h:33:10: fatal error: 'stddef.h' file not found
#include <stddef.h>
         ^~~~~~~~~~
1 error generated.
Error while processing /home/liming/Desktop/CryptoHLS/build/../test/aes_raw.cpp.
 Failed to run DesignSpaceAction.



==================== Collecting Sample 75/100 ====================
--- Running CryptoHLS Tool ---
ERROR: CryptoHLS tool failed to run.
STDOUT: [INFO] Step 1: Building Design Space from source...

STDERR: error: no such file or directory: '-isystem'; did you mean '-isystem'?
error: no such file or directory: '-isystem'; did you mean '-isystem'?
error: no such file or directory: '-isystem'; did you mean '-isystem'?
error: no such file or directory: '-isystem'; did you mean '-isystem'?
warning: /usr/include/c++/11: 'linker' input unused [-Wunused-command-line-argument]
warning: /usr/include/x86_64-linux-gnu/c++/11: 'linker' input unused [-Wunused-command-line-argument]
warning: /usr/include: 'linker' input unused [-Wunused-command-line-argument]
warning: /usr/lib/llvm-16/lib/clang/16/include: 'linker' input unused [-Wunused-command-line-argument]
In file included from /home/liming/Desktop/CryptoHLS/build/../test/aes_raw.cpp:5:
In file included from /usr/bin/../lib/gcc/x86_64-linux-gnu/11/../../../../include/c++/11/cstring:42:
/usr/include/string.h:33:10: fatal error: 'stddef.h' file not found
#include <stddef.h>
         ^~~~~~~~~~
1 error generated.
Error while processing /home/liming/Desktop/CryptoHLS/build/../test/aes_raw.cpp.
 Failed to run DesignSpaceAction.



==================== Collecting Sample 76/100 ====================
--- Running CryptoHLS Tool ---
ERROR: CryptoHLS tool failed to run.
STDOUT: [INFO] Step 1: Building Design Space from source...

STDERR: error: no such file or directory: '-isystem'; did you mean '-isystem'?
error: no such file or directory: '-isystem'; did you mean '-isystem'?
error: no such file or directory: '-isystem'; did you mean '-isystem'?
error: no such file or directory: '-isystem'; did you mean '-isystem'?
warning: /usr/include/c++/11: 'linker' input unused [-Wunused-command-line-argument]
warning: /usr/include/x86_64-linux-gnu/c++/11: 'linker' input unused [-Wunused-command-line-argument]
warning: /usr/include: 'linker' input unused [-Wunused-command-line-argument]
warning: /usr/lib/llvm-16/lib/clang/16/include: 'linker' input unused [-Wunused-command-line-argument]
In file included from /home/liming/Desktop/CryptoHLS/build/../test/aes_raw.cpp:5:
In file included from /usr/bin/../lib/gcc/x86_64-linux-gnu/11/../../../../include/c++/11/cstring:42:
/usr/include/string.h:33:10: fatal error: 'stddef.h' file not found
#include <stddef.h>
         ^~~~~~~~~~
1 error generated.
Error while processing /home/liming/Desktop/CryptoHLS/build/../test/aes_raw.cpp.
 Failed to run DesignSpaceAction.



==================== Collecting Sample 77/100 ====================
--- Running CryptoHLS Tool ---
ERROR: CryptoHLS tool failed to run.
STDOUT: [INFO] Step 1: Building Design Space from source...

STDERR: error: no such file or directory: '-isystem'; did you mean '-isystem'?
error: no such file or directory: '-isystem'; did you mean '-isystem'?
error: no such file or directory: '-isystem'; did you mean '-isystem'?
error: no such file or directory: '-isystem'; did you mean '-isystem'?
warning: /usr/include/c++/11: 'linker' input unused [-Wunused-command-line-argument]
warning: /usr/include/x86_64-linux-gnu/c++/11: 'linker' input unused [-Wunused-command-line-argument]
warning: /usr/include: 'linker' input unused [-Wunused-command-line-argument]
warning: /usr/lib/llvm-16/lib/clang/16/include: 'linker' input unused [-Wunused-command-line-argument]
In file included from /home/liming/Desktop/CryptoHLS/build/../test/aes_raw.cpp:5:
In file included from /usr/bin/../lib/gcc/x86_64-linux-gnu/11/../../../../include/c++/11/cstring:42:
/usr/include/string.h:33:10: fatal error: 'stddef.h' file not found
#include <stddef.h>
         ^~~~~~~~~~
1 error generated.
Error while processing /home/liming/Desktop/CryptoHLS/build/../test/aes_raw.cpp.
 Failed to run DesignSpaceAction.



==================== Collecting Sample 78/100 ====================
--- Running CryptoHLS Tool ---
ERROR: CryptoHLS tool failed to run.
STDOUT: [INFO] Step 1: Building Design Space from source...

STDERR: error: no such file or directory: '-isystem'; did you mean '-isystem'?
error: no such file or directory: '-isystem'; did you mean '-isystem'?
error: no such file or directory: '-isystem'; did you mean '-isystem'?
error: no such file or directory: '-isystem'; did you mean '-isystem'?
warning: /usr/include/c++/11: 'linker' input unused [-Wunused-command-line-argument]
warning: /usr/include/x86_64-linux-gnu/c++/11: 'linker' input unused [-Wunused-command-line-argument]
warning: /usr/include: 'linker' input unused [-Wunused-command-line-argument]
warning: /usr/lib/llvm-16/lib/clang/16/include: 'linker' input unused [-Wunused-command-line-argument]
In file included from /home/liming/Desktop/CryptoHLS/build/../test/aes_raw.cpp:5:
In file included from /usr/bin/../lib/gcc/x86_64-linux-gnu/11/../../../../include/c++/11/cstring:42:
/usr/include/string.h:33:10: fatal error: 'stddef.h' file not found
#include <stddef.h>
         ^~~~~~~~~~
1 error generated.
Error while processing /home/liming/Desktop/CryptoHLS/build/../test/aes_raw.cpp.
 Failed to run DesignSpaceAction.



==================== Collecting Sample 79/100 ====================
--- Running CryptoHLS Tool ---
ERROR: CryptoHLS tool failed to run.
STDOUT: [INFO] Step 1: Building Design Space from source...

STDERR: error: no such file or directory: '-isystem'; did you mean '-isystem'?
error: no such file or directory: '-isystem'; did you mean '-isystem'?
error: no such file or directory: '-isystem'; did you mean '-isystem'?
error: no such file or directory: '-isystem'; did you mean '-isystem'?
warning: /usr/include/c++/11: 'linker' input unused [-Wunused-command-line-argument]
warning: /usr/include/x86_64-linux-gnu/c++/11: 'linker' input unused [-Wunused-command-line-argument]
warning: /usr/include: 'linker' input unused [-Wunused-command-line-argument]
warning: /usr/lib/llvm-16/lib/clang/16/include: 'linker' input unused [-Wunused-command-line-argument]
In file included from /home/liming/Desktop/CryptoHLS/build/../test/aes_raw.cpp:5:
In file included from /usr/bin/../lib/gcc/x86_64-linux-gnu/11/../../../../include/c++/11/cstring:42:
/usr/include/string.h:33:10: fatal error: 'stddef.h' file not found
#include <stddef.h>
         ^~~~~~~~~~
1 error generated.
Error while processing /home/liming/Desktop/CryptoHLS/build/../test/aes_raw.cpp.
 Failed to run DesignSpaceAction.



==================== Collecting Sample 80/100 ====================
--- Running CryptoHLS Tool ---
ERROR: CryptoHLS tool failed to run.
STDOUT: [INFO] Step 1: Building Design Space from source...

STDERR: error: no such file or directory: '-isystem'; did you mean '-isystem'?
error: no such file or directory: '-isystem'; did you mean '-isystem'?
error: no such file or directory: '-isystem'; did you mean '-isystem'?
error: no such file or directory: '-isystem'; did you mean '-isystem'?
warning: /usr/include/c++/11: 'linker' input unused [-Wunused-command-line-argument]
warning: /usr/include/x86_64-linux-gnu/c++/11: 'linker' input unused [-Wunused-command-line-argument]
warning: /usr/include: 'linker' input unused [-Wunused-command-line-argument]
warning: /usr/lib/llvm-16/lib/clang/16/include: 'linker' input unused [-Wunused-command-line-argument]
In file included from /home/liming/Desktop/CryptoHLS/build/../test/aes_raw.cpp:5:
In file included from /usr/bin/../lib/gcc/x86_64-linux-gnu/11/../../../../include/c++/11/cstring:42:
/usr/include/string.h:33:10: fatal error: 'stddef.h' file not found
#include <stddef.h>
         ^~~~~~~~~~
1 error generated.
Error while processing /home/liming/Desktop/CryptoHLS/build/../test/aes_raw.cpp.
 Failed to run DesignSpaceAction.



==================== Collecting Sample 81/100 ====================
--- Running CryptoHLS Tool ---
ERROR: CryptoHLS tool failed to run.
STDOUT: [INFO] Step 1: Building Design Space from source...

STDERR: error: no such file or directory: '-isystem'; did you mean '-isystem'?
error: no such file or directory: '-isystem'; did you mean '-isystem'?
error: no such file or directory: '-isystem'; did you mean '-isystem'?
error: no such file or directory: '-isystem'; did you mean '-isystem'?
warning: /usr/include/c++/11: 'linker' input unused [-Wunused-command-line-argument]
warning: /usr/include/x86_64-linux-gnu/c++/11: 'linker' input unused [-Wunused-command-line-argument]
warning: /usr/include: 'linker' input unused [-Wunused-command-line-argument]
warning: /usr/lib/llvm-16/lib/clang/16/include: 'linker' input unused [-Wunused-command-line-argument]
In file included from /home/liming/Desktop/CryptoHLS/build/../test/aes_raw.cpp:5:
In file included from /usr/bin/../lib/gcc/x86_64-linux-gnu/11/../../../../include/c++/11/cstring:42:
/usr/include/string.h:33:10: fatal error: 'stddef.h' file not found
#include <stddef.h>
         ^~~~~~~~~~
1 error generated.
Error while processing /home/liming/Desktop/CryptoHLS/build/../test/aes_raw.cpp.
 Failed to run DesignSpaceAction.



==================== Collecting Sample 82/100 ====================
--- Running CryptoHLS Tool ---
ERROR: CryptoHLS tool failed to run.
STDOUT: [INFO] Step 1: Building Design Space from source...

STDERR: error: no such file or directory: '-isystem'; did you mean '-isystem'?
error: no such file or directory: '-isystem'; did you mean '-isystem'?
error: no such file or directory: '-isystem'; did you mean '-isystem'?
error: no such file or directory: '-isystem'; did you mean '-isystem'?
warning: /usr/include/c++/11: 'linker' input unused [-Wunused-command-line-argument]
warning: /usr/include/x86_64-linux-gnu/c++/11: 'linker' input unused [-Wunused-command-line-argument]
warning: /usr/include: 'linker' input unused [-Wunused-command-line-argument]
warning: /usr/lib/llvm-16/lib/clang/16/include: 'linker' input unused [-Wunused-command-line-argument]
In file included from /home/liming/Desktop/CryptoHLS/build/../test/aes_raw.cpp:5:
In file included from /usr/bin/../lib/gcc/x86_64-linux-gnu/11/../../../../include/c++/11/cstring:42:
/usr/include/string.h:33:10: fatal error: 'stddef.h' file not found
#include <stddef.h>
         ^~~~~~~~~~
1 error generated.
Error while processing /home/liming/Desktop/CryptoHLS/build/../test/aes_raw.cpp.
 Failed to run DesignSpaceAction.



==================== Collecting Sample 83/100 ====================
--- Running CryptoHLS Tool ---
ERROR: CryptoHLS tool failed to run.
STDOUT: [INFO] Step 1: Building Design Space from source...

STDERR: error: no such file or directory: '-isystem'; did you mean '-isystem'?
error: no such file or directory: '-isystem'; did you mean '-isystem'?
error: no such file or directory: '-isystem'; did you mean '-isystem'?
error: no such file or directory: '-isystem'; did you mean '-isystem'?
warning: /usr/include/c++/11: 'linker' input unused [-Wunused-command-line-argument]
warning: /usr/include/x86_64-linux-gnu/c++/11: 'linker' input unused [-Wunused-command-line-argument]
warning: /usr/include: 'linker' input unused [-Wunused-command-line-argument]
warning: /usr/lib/llvm-16/lib/clang/16/include: 'linker' input unused [-Wunused-command-line-argument]
In file included from /home/liming/Desktop/CryptoHLS/build/../test/aes_raw.cpp:5:
In file included from /usr/bin/../lib/gcc/x86_64-linux-gnu/11/../../../../include/c++/11/cstring:42:
/usr/include/string.h:33:10: fatal error: 'stddef.h' file not found
#include <stddef.h>
         ^~~~~~~~~~
1 error generated.
Error while processing /home/liming/Desktop/CryptoHLS/build/../test/aes_raw.cpp.
 Failed to run DesignSpaceAction.



==================== Collecting Sample 84/100 ====================
--- Running CryptoHLS Tool ---
ERROR: CryptoHLS tool failed to run.
STDOUT: [INFO] Step 1: Building Design Space from source...

STDERR: error: no such file or directory: '-isystem'; did you mean '-isystem'?
error: no such file or directory: '-isystem'; did you mean '-isystem'?
error: no such file or directory: '-isystem'; did you mean '-isystem'?
error: no such file or directory: '-isystem'; did you mean '-isystem'?
warning: /usr/include/c++/11: 'linker' input unused [-Wunused-command-line-argument]
warning: /usr/include/x86_64-linux-gnu/c++/11: 'linker' input unused [-Wunused-command-line-argument]
warning: /usr/include: 'linker' input unused [-Wunused-command-line-argument]
warning: /usr/lib/llvm-16/lib/clang/16/include: 'linker' input unused [-Wunused-command-line-argument]
In file included from /home/liming/Desktop/CryptoHLS/build/../test/aes_raw.cpp:5:
In file included from /usr/bin/../lib/gcc/x86_64-linux-gnu/11/../../../../include/c++/11/cstring:42:
/usr/include/string.h:33:10: fatal error: 'stddef.h' file not found
#include <stddef.h>
         ^~~~~~~~~~
1 error generated.
Error while processing /home/liming/Desktop/CryptoHLS/build/../test/aes_raw.cpp.
 Failed to run DesignSpaceAction.



==================== Collecting Sample 85/100 ====================
--- Running CryptoHLS Tool ---
ERROR: CryptoHLS tool failed to run.
STDOUT: [INFO] Step 1: Building Design Space from source...

STDERR: error: no such file or directory: '-isystem'; did you mean '-isystem'?
error: no such file or directory: '-isystem'; did you mean '-isystem'?
error: no such file or directory: '-isystem'; did you mean '-isystem'?
error: no such file or directory: '-isystem'; did you mean '-isystem'?
warning: /usr/include/c++/11: 'linker' input unused [-Wunused-command-line-argument]
warning: /usr/include/x86_64-linux-gnu/c++/11: 'linker' input unused [-Wunused-command-line-argument]
warning: /usr/include: 'linker' input unused [-Wunused-command-line-argument]
warning: /usr/lib/llvm-16/lib/clang/16/include: 'linker' input unused [-Wunused-command-line-argument]
In file included from /home/liming/Desktop/CryptoHLS/build/../test/aes_raw.cpp:5:
In file included from /usr/bin/../lib/gcc/x86_64-linux-gnu/11/../../../../include/c++/11/cstring:42:
/usr/include/string.h:33:10: fatal error: 'stddef.h' file not found
#include <stddef.h>
         ^~~~~~~~~~
1 error generated.
Error while processing /home/liming/Desktop/CryptoHLS/build/../test/aes_raw.cpp.
 Failed to run DesignSpaceAction.



==================== Collecting Sample 86/100 ====================
--- Running CryptoHLS Tool ---
ERROR: CryptoHLS tool failed to run.
STDOUT: [INFO] Step 1: Building Design Space from source...

STDERR: error: no such file or directory: '-isystem'; did you mean '-isystem'?
error: no such file or directory: '-isystem'; did you mean '-isystem'?
error: no such file or directory: '-isystem'; did you mean '-isystem'?
error: no such file or directory: '-isystem'; did you mean '-isystem'?
warning: /usr/include/c++/11: 'linker' input unused [-Wunused-command-line-argument]
warning: /usr/include/x86_64-linux-gnu/c++/11: 'linker' input unused [-Wunused-command-line-argument]
warning: /usr/include: 'linker' input unused [-Wunused-command-line-argument]
warning: /usr/lib/llvm-16/lib/clang/16/include: 'linker' input unused [-Wunused-command-line-argument]
In file included from /home/liming/Desktop/CryptoHLS/build/../test/aes_raw.cpp:5:
In file included from /usr/bin/../lib/gcc/x86_64-linux-gnu/11/../../../../include/c++/11/cstring:42:
/usr/include/string.h:33:10: fatal error: 'stddef.h' file not found
#include <stddef.h>
         ^~~~~~~~~~
1 error generated.
Error while processing /home/liming/Desktop/CryptoHLS/build/../test/aes_raw.cpp.
 Failed to run DesignSpaceAction.



==================== Collecting Sample 87/100 ====================
--- Running CryptoHLS Tool ---
ERROR: CryptoHLS tool failed to run.
STDOUT: [INFO] Step 1: Building Design Space from source...

STDERR: error: no such file or directory: '-isystem'; did you mean '-isystem'?
error: no such file or directory: '-isystem'; did you mean '-isystem'?
error: no such file or directory: '-isystem'; did you mean '-isystem'?
error: no such file or directory: '-isystem'; did you mean '-isystem'?
warning: /usr/include/c++/11: 'linker' input unused [-Wunused-command-line-argument]
warning: /usr/include/x86_64-linux-gnu/c++/11: 'linker' input unused [-Wunused-command-line-argument]
warning: /usr/include: 'linker' input unused [-Wunused-command-line-argument]
warning: /usr/lib/llvm-16/lib/clang/16/include: 'linker' input unused [-Wunused-command-line-argument]
In file included from /home/liming/Desktop/CryptoHLS/build/../test/aes_raw.cpp:5:
In file included from /usr/bin/../lib/gcc/x86_64-linux-gnu/11/../../../../include/c++/11/cstring:42:
/usr/include/string.h:33:10: fatal error: 'stddef.h' file not found
#include <stddef.h>
         ^~~~~~~~~~
1 error generated.
Error while processing /home/liming/Desktop/CryptoHLS/build/../test/aes_raw.cpp.
 Failed to run DesignSpaceAction.



==================== Collecting Sample 88/100 ====================
--- Running CryptoHLS Tool ---
ERROR: CryptoHLS tool failed to run.
STDOUT: [INFO] Step 1: Building Design Space from source...

STDERR: error: no such file or directory: '-isystem'; did you mean '-isystem'?
error: no such file or directory: '-isystem'; did you mean '-isystem'?
error: no such file or directory: '-isystem'; did you mean '-isystem'?
error: no such file or directory: '-isystem'; did you mean '-isystem'?
warning: /usr/include/c++/11: 'linker' input unused [-Wunused-command-line-argument]
warning: /usr/include/x86_64-linux-gnu/c++/11: 'linker' input unused [-Wunused-command-line-argument]
warning: /usr/include: 'linker' input unused [-Wunused-command-line-argument]
warning: /usr/lib/llvm-16/lib/clang/16/include: 'linker' input unused [-Wunused-command-line-argument]
In file included from /home/liming/Desktop/CryptoHLS/build/../test/aes_raw.cpp:5:
In file included from /usr/bin/../lib/gcc/x86_64-linux-gnu/11/../../../../include/c++/11/cstring:42:
/usr/include/string.h:33:10: fatal error: 'stddef.h' file not found
#include <stddef.h>
         ^~~~~~~~~~
1 error generated.
Error while processing /home/liming/Desktop/CryptoHLS/build/../test/aes_raw.cpp.
 Failed to run DesignSpaceAction.



==================== Collecting Sample 89/100 ====================
--- Running CryptoHLS Tool ---
ERROR: CryptoHLS tool failed to run.
STDOUT: [INFO] Step 1: Building Design Space from source...

STDERR: error: no such file or directory: '-isystem'; did you mean '-isystem'?
error: no such file or directory: '-isystem'; did you mean '-isystem'?
error: no such file or directory: '-isystem'; did you mean '-isystem'?
error: no such file or directory: '-isystem'; did you mean '-isystem'?
warning: /usr/include/c++/11: 'linker' input unused [-Wunused-command-line-argument]
warning: /usr/include/x86_64-linux-gnu/c++/11: 'linker' input unused [-Wunused-command-line-argument]
warning: /usr/include: 'linker' input unused [-Wunused-command-line-argument]
warning: /usr/lib/llvm-16/lib/clang/16/include: 'linker' input unused [-Wunused-command-line-argument]
In file included from /home/liming/Desktop/CryptoHLS/build/../test/aes_raw.cpp:5:
In file included from /usr/bin/../lib/gcc/x86_64-linux-gnu/11/../../../../include/c++/11/cstring:42:
/usr/include/string.h:33:10: fatal error: 'stddef.h' file not found
#include <stddef.h>
         ^~~~~~~~~~
1 error generated.
Error while processing /home/liming/Desktop/CryptoHLS/build/../test/aes_raw.cpp.
 Failed to run DesignSpaceAction.



==================== Collecting Sample 90/100 ====================
--- Running CryptoHLS Tool ---
ERROR: CryptoHLS tool failed to run.
STDOUT: [INFO] Step 1: Building Design Space from source...

STDERR: error: no such file or directory: '-isystem'; did you mean '-isystem'?
error: no such file or directory: '-isystem'; did you mean '-isystem'?
error: no such file or directory: '-isystem'; did you mean '-isystem'?
error: no such file or directory: '-isystem'; did you mean '-isystem'?
warning: /usr/include/c++/11: 'linker' input unused [-Wunused-command-line-argument]
warning: /usr/include/x86_64-linux-gnu/c++/11: 'linker' input unused [-Wunused-command-line-argument]
warning: /usr/include: 'linker' input unused [-Wunused-command-line-argument]
warning: /usr/lib/llvm-16/lib/clang/16/include: 'linker' input unused [-Wunused-command-line-argument]
In file included from /home/liming/Desktop/CryptoHLS/build/../test/aes_raw.cpp:5:
In file included from /usr/bin/../lib/gcc/x86_64-linux-gnu/11/../../../../include/c++/11/cstring:42:
/usr/include/string.h:33:10: fatal error: 'stddef.h' file not found
#include <stddef.h>
         ^~~~~~~~~~
1 error generated.
Error while processing /home/liming/Desktop/CryptoHLS/build/../test/aes_raw.cpp.
 Failed to run DesignSpaceAction.



==================== Collecting Sample 91/100 ====================
--- Running CryptoHLS Tool ---
ERROR: CryptoHLS tool failed to run.
STDOUT: [INFO] Step 1: Building Design Space from source...

STDERR: error: no such file or directory: '-isystem'; did you mean '-isystem'?
error: no such file or directory: '-isystem'; did you mean '-isystem'?
error: no such file or directory: '-isystem'; did you mean '-isystem'?
error: no such file or directory: '-isystem'; did you mean '-isystem'?
warning: /usr/include/c++/11: 'linker' input unused [-Wunused-command-line-argument]
warning: /usr/include/x86_64-linux-gnu/c++/11: 'linker' input unused [-Wunused-command-line-argument]
warning: /usr/include: 'linker' input unused [-Wunused-command-line-argument]
warning: /usr/lib/llvm-16/lib/clang/16/include: 'linker' input unused [-Wunused-command-line-argument]
In file included from /home/liming/Desktop/CryptoHLS/build/../test/aes_raw.cpp:5:
In file included from /usr/bin/../lib/gcc/x86_64-linux-gnu/11/../../../../include/c++/11/cstring:42:
/usr/include/string.h:33:10: fatal error: 'stddef.h' file not found
#include <stddef.h>
         ^~~~~~~~~~
1 error generated.
Error while processing /home/liming/Desktop/CryptoHLS/build/../test/aes_raw.cpp.
 Failed to run DesignSpaceAction.



==================== Collecting Sample 92/100 ====================
--- Running CryptoHLS Tool ---
ERROR: CryptoHLS tool failed to run.
STDOUT: [INFO] Step 1: Building Design Space from source...

STDERR: error: no such file or directory: '-isystem'; did you mean '-isystem'?
error: no such file or directory: '-isystem'; did you mean '-isystem'?
error: no such file or directory: '-isystem'; did you mean '-isystem'?
error: no such file or directory: '-isystem'; did you mean '-isystem'?
warning: /usr/include/c++/11: 'linker' input unused [-Wunused-command-line-argument]
warning: /usr/include/x86_64-linux-gnu/c++/11: 'linker' input unused [-Wunused-command-line-argument]
warning: /usr/include: 'linker' input unused [-Wunused-command-line-argument]
warning: /usr/lib/llvm-16/lib/clang/16/include: 'linker' input unused [-Wunused-command-line-argument]
In file included from /home/liming/Desktop/CryptoHLS/build/../test/aes_raw.cpp:5:
In file included from /usr/bin/../lib/gcc/x86_64-linux-gnu/11/../../../../include/c++/11/cstring:42:
/usr/include/string.h:33:10: fatal error: 'stddef.h' file not found
#include <stddef.h>
         ^~~~~~~~~~
1 error generated.
Error while processing /home/liming/Desktop/CryptoHLS/build/../test/aes_raw.cpp.
 Failed to run DesignSpaceAction.



==================== Collecting Sample 93/100 ====================
--- Running CryptoHLS Tool ---
ERROR: CryptoHLS tool failed to run.
STDOUT: [INFO] Step 1: Building Design Space from source...

STDERR: error: no such file or directory: '-isystem'; did you mean '-isystem'?
error: no such file or directory: '-isystem'; did you mean '-isystem'?
error: no such file or directory: '-isystem'; did you mean '-isystem'?
error: no such file or directory: '-isystem'; did you mean '-isystem'?
warning: /usr/include/c++/11: 'linker' input unused [-Wunused-command-line-argument]
warning: /usr/include/x86_64-linux-gnu/c++/11: 'linker' input unused [-Wunused-command-line-argument]
warning: /usr/include: 'linker' input unused [-Wunused-command-line-argument]
warning: /usr/lib/llvm-16/lib/clang/16/include: 'linker' input unused [-Wunused-command-line-argument]
In file included from /home/liming/Desktop/CryptoHLS/build/../test/aes_raw.cpp:5:
In file included from /usr/bin/../lib/gcc/x86_64-linux-gnu/11/../../../../include/c++/11/cstring:42:
/usr/include/string.h:33:10: fatal error: 'stddef.h' file not found
#include <stddef.h>
         ^~~~~~~~~~
1 error generated.
Error while processing /home/liming/Desktop/CryptoHLS/build/../test/aes_raw.cpp.
 Failed to run DesignSpaceAction.



==================== Collecting Sample 94/100 ====================
--- Running CryptoHLS Tool ---
ERROR: CryptoHLS tool failed to run.
STDOUT: [INFO] Step 1: Building Design Space from source...

STDERR: error: no such file or directory: '-isystem'; did you mean '-isystem'?
error: no such file or directory: '-isystem'; did you mean '-isystem'?
error: no such file or directory: '-isystem'; did you mean '-isystem'?
error: no such file or directory: '-isystem'; did you mean '-isystem'?
warning: /usr/include/c++/11: 'linker' input unused [-Wunused-command-line-argument]
warning: /usr/include/x86_64-linux-gnu/c++/11: 'linker' input unused [-Wunused-command-line-argument]
warning: /usr/include: 'linker' input unused [-Wunused-command-line-argument]
warning: /usr/lib/llvm-16/lib/clang/16/include: 'linker' input unused [-Wunused-command-line-argument]
In file included from /home/liming/Desktop/CryptoHLS/build/../test/aes_raw.cpp:5:
In file included from /usr/bin/../lib/gcc/x86_64-linux-gnu/11/../../../../include/c++/11/cstring:42:
/usr/include/string.h:33:10: fatal error: 'stddef.h' file not found
#include <stddef.h>
         ^~~~~~~~~~
1 error generated.
Error while processing /home/liming/Desktop/CryptoHLS/build/../test/aes_raw.cpp.
 Failed to run DesignSpaceAction.



==================== Collecting Sample 95/100 ====================
--- Running CryptoHLS Tool ---
ERROR: CryptoHLS tool failed to run.
STDOUT: [INFO] Step 1: Building Design Space from source...

STDERR: error: no such file or directory: '-isystem'; did you mean '-isystem'?
error: no such file or directory: '-isystem'; did you mean '-isystem'?
error: no such file or directory: '-isystem'; did you mean '-isystem'?
error: no such file or directory: '-isystem'; did you mean '-isystem'?
warning: /usr/include/c++/11: 'linker' input unused [-Wunused-command-line-argument]
warning: /usr/include/x86_64-linux-gnu/c++/11: 'linker' input unused [-Wunused-command-line-argument]
warning: /usr/include: 'linker' input unused [-Wunused-command-line-argument]
warning: /usr/lib/llvm-16/lib/clang/16/include: 'linker' input unused [-Wunused-command-line-argument]
In file included from /home/liming/Desktop/CryptoHLS/build/../test/aes_raw.cpp:5:
In file included from /usr/bin/../lib/gcc/x86_64-linux-gnu/11/../../../../include/c++/11/cstring:42:
/usr/include/string.h:33:10: fatal error: 'stddef.h' file not found
#include <stddef.h>
         ^~~~~~~~~~
1 error generated.
Error while processing /home/liming/Desktop/CryptoHLS/build/../test/aes_raw.cpp.
 Failed to run DesignSpaceAction.



==================== Collecting Sample 96/100 ====================
--- Running CryptoHLS Tool ---
ERROR: CryptoHLS tool failed to run.
STDOUT: [INFO] Step 1: Building Design Space from source...

STDERR: error: no such file or directory: '-isystem'; did you mean '-isystem'?
error: no such file or directory: '-isystem'; did you mean '-isystem'?
error: no such file or directory: '-isystem'; did you mean '-isystem'?
error: no such file or directory: '-isystem'; did you mean '-isystem'?
warning: /usr/include/c++/11: 'linker' input unused [-Wunused-command-line-argument]
warning: /usr/include/x86_64-linux-gnu/c++/11: 'linker' input unused [-Wunused-command-line-argument]
warning: /usr/include: 'linker' input unused [-Wunused-command-line-argument]
warning: /usr/lib/llvm-16/lib/clang/16/include: 'linker' input unused [-Wunused-command-line-argument]
In file included from /home/liming/Desktop/CryptoHLS/build/../test/aes_raw.cpp:5:
In file included from /usr/bin/../lib/gcc/x86_64-linux-gnu/11/../../../../include/c++/11/cstring:42:
/usr/include/string.h:33:10: fatal error: 'stddef.h' file not found
#include <stddef.h>
         ^~~~~~~~~~
1 error generated.
Error while processing /home/liming/Desktop/CryptoHLS/build/../test/aes_raw.cpp.
 Failed to run DesignSpaceAction.



==================== Collecting Sample 97/100 ====================
--- Running CryptoHLS Tool ---
ERROR: CryptoHLS tool failed to run.
STDOUT: [INFO] Step 1: Building Design Space from source...

STDERR: error: no such file or directory: '-isystem'; did you mean '-isystem'?
error: no such file or directory: '-isystem'; did you mean '-isystem'?
error: no such file or directory: '-isystem'; did you mean '-isystem'?
error: no such file or directory: '-isystem'; did you mean '-isystem'?
warning: /usr/include/c++/11: 'linker' input unused [-Wunused-command-line-argument]
warning: /usr/include/x86_64-linux-gnu/c++/11: 'linker' input unused [-Wunused-command-line-argument]
warning: /usr/include: 'linker' input unused [-Wunused-command-line-argument]
warning: /usr/lib/llvm-16/lib/clang/16/include: 'linker' input unused [-Wunused-command-line-argument]
In file included from /home/liming/Desktop/CryptoHLS/build/../test/aes_raw.cpp:5:
In file included from /usr/bin/../lib/gcc/x86_64-linux-gnu/11/../../../../include/c++/11/cstring:42:
/usr/include/string.h:33:10: fatal error: 'stddef.h' file not found
#include <stddef.h>
         ^~~~~~~~~~
1 error generated.
Error while processing /home/liming/Desktop/CryptoHLS/build/../test/aes_raw.cpp.
 Failed to run DesignSpaceAction.



==================== Collecting Sample 98/100 ====================
--- Running CryptoHLS Tool ---
ERROR: CryptoHLS tool failed to run.
STDOUT: [INFO] Step 1: Building Design Space from source...

STDERR: error: no such file or directory: '-isystem'; did you mean '-isystem'?
error: no such file or directory: '-isystem'; did you mean '-isystem'?
error: no such file or directory: '-isystem'; did you mean '-isystem'?
error: no such file or directory: '-isystem'; did you mean '-isystem'?
warning: /usr/include/c++/11: 'linker' input unused [-Wunused-command-line-argument]
warning: /usr/include/x86_64-linux-gnu/c++/11: 'linker' input unused [-Wunused-command-line-argument]
warning: /usr/include: 'linker' input unused [-Wunused-command-line-argument]
warning: /usr/lib/llvm-16/lib/clang/16/include: 'linker' input unused [-Wunused-command-line-argument]
In file included from /home/liming/Desktop/CryptoHLS/build/../test/aes_raw.cpp:5:
In file included from /usr/bin/../lib/gcc/x86_64-linux-gnu/11/../../../../include/c++/11/cstring:42:
/usr/include/string.h:33:10: fatal error: 'stddef.h' file not found
#include <stddef.h>
         ^~~~~~~~~~
1 error generated.
Error while processing /home/liming/Desktop/CryptoHLS/build/../test/aes_raw.cpp.
 Failed to run DesignSpaceAction.



==================== Collecting Sample 99/100 ====================
--- Running CryptoHLS Tool ---
ERROR: CryptoHLS tool failed to run.
STDOUT: [INFO] Step 1: Building Design Space from source...

STDERR: error: no such file or directory: '-isystem'; did you mean '-isystem'?
error: no such file or directory: '-isystem'; did you mean '-isystem'?
error: no such file or directory: '-isystem'; did you mean '-isystem'?
error: no such file or directory: '-isystem'; did you mean '-isystem'?
warning: /usr/include/c++/11: 'linker' input unused [-Wunused-command-line-argument]
warning: /usr/include/x86_64-linux-gnu/c++/11: 'linker' input unused [-Wunused-command-line-argument]
warning: /usr/include: 'linker' input unused [-Wunused-command-line-argument]
warning: /usr/lib/llvm-16/lib/clang/16/include: 'linker' input unused [-Wunused-command-line-argument]
In file included from /home/liming/Desktop/CryptoHLS/build/../test/aes_raw.cpp:5:
In file included from /usr/bin/../lib/gcc/x86_64-linux-gnu/11/../../../../include/c++/11/cstring:42:
/usr/include/string.h:33:10: fatal error: 'stddef.h' file not found
#include <stddef.h>
         ^~~~~~~~~~
1 error generated.
Error while processing /home/liming/Desktop/CryptoHLS/build/../test/aes_raw.cpp.
 Failed to run DesignSpaceAction.



==================== Collecting Sample 100/100 ====================
--- Running CryptoHLS Tool ---
ERROR: CryptoHLS tool failed to run.
STDOUT: [INFO] Step 1: Building Design Space from source...

STDERR: error: no such file or directory: '-isystem'; did you mean '-isystem'?
error: no such file or directory: '-isystem'; did you mean '-isystem'?
error: no such file or directory: '-isystem'; did you mean '-isystem'?
error: no such file or directory: '-isystem'; did you mean '-isystem'?
warning: /usr/include/c++/11: 'linker' input unused [-Wunused-command-line-argument]
warning: /usr/include/x86_64-linux-gnu/c++/11: 'linker' input unused [-Wunused-command-line-argument]
warning: /usr/include: 'linker' input unused [-Wunused-command-line-argument]
warning: /usr/lib/llvm-16/lib/clang/16/include: 'linker' input unused [-Wunused-command-line-argument]
In file included from /home/liming/Desktop/CryptoHLS/build/../test/aes_raw.cpp:5:
In file included from /usr/bin/../lib/gcc/x86_64-linux-gnu/11/../../../../include/c++/11/cstring:42:
/usr/include/string.h:33:10: fatal error: 'stddef.h' file not found
#include <stddef.h>
         ^~~~~~~~~~
1 error generated.
Error while processing /home/liming/Desktop/CryptoHLS/build/../test/aes_raw.cpp.
 Failed to run DesignSpaceAction.



SUCCESS: Dataset collection complete. Saved 0 samples to hls_dataset.json.
